<?xml version="1.0" encoding="UTF-8"?>
<robot generator="Robot 6.1.1 (Python 3.11.3 on win32)" generated="20240103 13:43:07.028" rpa="false" schemaversion="4">
<suite id="s1" name="Automation-Testing-Practice" source="D:\Robot_framework\Testsuites\Automation-Testing-Practice\Automation-Testing-Practice.robot">
<kw name="Open Browser" library="SeleniumLibrary" type="SETUP">
<arg>url=${global_url}</arg>
<arg>browser=${default_browser}</arg>
<arg>options=add_argument("--headless")</arg>
<doc>Opens a new browser instance to the optional ``url``.</doc>
<msg timestamp="20240103 13:43:07.439" level="INFO">Opening browser 'chrome' to base url 'https://testautomationpractice.blogspot.com/'.</msg>
<status status="PASS" starttime="20240103 13:43:07.439" endtime="20240103 13:43:19.585"/>
</kw>
<test id="s1-t1" name="Verify that the website is working properly." line="21">
<kw name="Given Verify that the page is successfully visible." library="automation-testing-practice">
<kw name="Element Should Be Visible" library="SeleniumLibrary">
<arg>${path_txt_title}</arg>
<doc>Verifies that the element identified by ``locator`` is visible.</doc>
<msg timestamp="20240103 13:43:19.658" level="INFO">Element 'xpath://*[@id="header-inner"]/div[1]/h1' is displayed.</msg>
<status status="PASS" starttime="20240103 13:43:19.587" endtime="20240103 13:43:19.658"/>
</kw>
<status status="PASS" starttime="20240103 13:43:19.587" endtime="20240103 13:43:19.658"/>
</kw>
<kw name="When Enter name with ${user_data}[name]" library="automation-testing-practice" sourcename="Enter name with ${name}">
<kw name="Input Text" library="SeleniumLibrary">
<arg>${default_web_path}[name]</arg>
<arg>${name}</arg>
<doc>Types the given ``text`` into the text field identified by ``locator``.</doc>
<msg timestamp="20240103 13:43:19.659" level="INFO">Typing text 'thanachai' into text field 'xpath://*[@id="name"]'.</msg>
<status status="PASS" starttime="20240103 13:43:19.659" endtime="20240103 13:43:19.733"/>
</kw>
<status status="PASS" starttime="20240103 13:43:19.658" endtime="20240103 13:43:19.733"/>
</kw>
<kw name="Then Verify name is ${user_data}[name]" library="automation-testing-practice" sourcename="Verify name is ${name}">
<kw name="Get Value" library="SeleniumLibrary">
<var>${actual_text}</var>
<arg>${default_web_path}[name]</arg>
<doc>Returns the value attribute of the element identified by ``locator``.</doc>
<msg timestamp="20240103 13:43:19.749" level="INFO">${actual_text} = thanachai</msg>
<status status="PASS" starttime="20240103 13:43:19.734" endtime="20240103 13:43:19.749"/>
</kw>
<kw name="Should Be Equal As Strings" library="BuiltIn">
<arg>${actual_text}</arg>
<arg>${name}</arg>
<doc>Fails if objects are unequal after converting them to strings.</doc>
<status status="PASS" starttime="20240103 13:43:19.749" endtime="20240103 13:43:19.749"/>
</kw>
<status status="PASS" starttime="20240103 13:43:19.733" endtime="20240103 13:43:19.749"/>
</kw>
<kw name="When Enter email with ${user_data}[email]" library="automation-testing-practice" sourcename="Enter email with ${email}">
<kw name="Input Text" library="SeleniumLibrary">
<arg>${default_web_path}[email]</arg>
<arg>${email}</arg>
<doc>Types the given ``text`` into the text field identified by ``locator``.</doc>
<msg timestamp="20240103 13:43:19.750" level="INFO">Typing text 'tang@gmail.comtangkung' into text field 'xpath://*[@id="email"]'.</msg>
<status status="PASS" starttime="20240103 13:43:19.750" endtime="20240103 13:43:19.815"/>
</kw>
<status status="PASS" starttime="20240103 13:43:19.749" endtime="20240103 13:43:19.815"/>
</kw>
<kw name="Then Verify email is ${user_data}[email]" library="automation-testing-practice" sourcename="Verify email is ${email}">
<kw name="Get Value" library="SeleniumLibrary">
<var>${actual_text}</var>
<arg>${default_web_path}[email]</arg>
<doc>Returns the value attribute of the element identified by ``locator``.</doc>
<msg timestamp="20240103 13:43:19.830" level="INFO">${actual_text} = tang@gmail.comtangkung</msg>
<status status="PASS" starttime="20240103 13:43:19.816" endtime="20240103 13:43:19.830"/>
</kw>
<kw name="Should Be Equal As Strings" library="BuiltIn">
<arg>${actual_text}</arg>
<arg>${email}</arg>
<doc>Fails if objects are unequal after converting them to strings.</doc>
<status status="PASS" starttime="20240103 13:43:19.831" endtime="20240103 13:43:19.831"/>
</kw>
<status status="PASS" starttime="20240103 13:43:19.815" endtime="20240103 13:43:19.831"/>
</kw>
<kw name="When Enter phone with ${user_data}[phone]" library="automation-testing-practice" sourcename="Enter phone with ${phone}">
<kw name="Input Text" library="SeleniumLibrary">
<arg>${default_web_path}[phone]</arg>
<arg>${phone}</arg>
<doc>Types the given ``text`` into the text field identified by ``locator``.</doc>
<msg timestamp="20240103 13:43:19.832" level="INFO">Typing text '0829269788' into text field 'xpath://*[@id="phone"]'.</msg>
<status status="PASS" starttime="20240103 13:43:19.831" endtime="20240103 13:43:19.892"/>
</kw>
<status status="PASS" starttime="20240103 13:43:19.831" endtime="20240103 13:43:19.892"/>
</kw>
<kw name="Then Verify phone is ${user_data}[phone]" library="automation-testing-practice" sourcename="Verify phone is ${phone}">
<kw name="Get Value" library="SeleniumLibrary">
<var>${actual_text}</var>
<arg>${default_web_path}[phone]</arg>
<doc>Returns the value attribute of the element identified by ``locator``.</doc>
<msg timestamp="20240103 13:43:19.905" level="INFO">${actual_text} = 0829269788</msg>
<status status="PASS" starttime="20240103 13:43:19.893" endtime="20240103 13:43:19.905"/>
</kw>
<kw name="Should Be Equal As Strings" library="BuiltIn">
<arg>${actual_text}</arg>
<arg>${phone}</arg>
<doc>Fails if objects are unequal after converting them to strings.</doc>
<status status="PASS" starttime="20240103 13:43:19.905" endtime="20240103 13:43:19.906"/>
</kw>
<status status="PASS" starttime="20240103 13:43:19.892" endtime="20240103 13:43:19.906"/>
</kw>
<kw name="When Enter address with ${user_data}[address]" library="automation-testing-practice" sourcename="Enter address with ${address}">
<kw name="Input Text" library="SeleniumLibrary">
<arg>${default_web_path}[address]</arg>
<arg>${address}</arg>
<doc>Types the given ``text`` into the text field identified by ``locator``.</doc>
<msg timestamp="20240103 13:43:19.906" level="INFO">Typing text '30/1 phaholyothin jatujak 30000' into text field 'xpath://*[@id="textarea"]'.</msg>
<status status="PASS" starttime="20240103 13:43:19.906" endtime="20240103 13:43:19.970"/>
</kw>
<status status="PASS" starttime="20240103 13:43:19.906" endtime="20240103 13:43:19.970"/>
</kw>
<kw name="Then Verify address is ${user_data}[address]" library="automation-testing-practice" sourcename="Verify address is ${address}">
<kw name="Get Value" library="SeleniumLibrary">
<var>${actual_text}</var>
<arg>${default_web_path}[address]</arg>
<doc>Returns the value attribute of the element identified by ``locator``.</doc>
<msg timestamp="20240103 13:43:19.982" level="INFO">${actual_text} = 30/1 phaholyothin jatujak 30000</msg>
<status status="PASS" starttime="20240103 13:43:19.971" endtime="20240103 13:43:19.982"/>
</kw>
<kw name="Should Be Equal As Strings" library="BuiltIn">
<arg>${actual_text}</arg>
<arg>${address}</arg>
<doc>Fails if objects are unequal after converting them to strings.</doc>
<status status="PASS" starttime="20240103 13:43:19.982" endtime="20240103 13:43:19.983"/>
</kw>
<status status="PASS" starttime="20240103 13:43:19.970" endtime="20240103 13:43:19.983"/>
</kw>
<kw name="When Select gender with ${user_data}[gender(male)]" library="automation-testing-practice" sourcename="Select gender with ${gender}">
<kw name="Select Radio Button" library="SeleniumLibrary">
<arg>${group_gender}</arg>
<arg>${gender}</arg>
<doc>Sets the radio button group ``group_name`` to ``value``.</doc>
<msg timestamp="20240103 13:43:19.984" level="INFO">Selecting 'male' from radio button 'gender'.</msg>
<status status="PASS" starttime="20240103 13:43:19.983" endtime="20240103 13:43:20.032"/>
</kw>
<status status="PASS" starttime="20240103 13:43:19.983" endtime="20240103 13:43:20.032"/>
</kw>
<kw name="Then Verify ${user_data}[gender(male)] is selected" library="automation-testing-practice" sourcename="Verify ${gender} is selected">
<kw name="Radio Button Should Be Set To" library="SeleniumLibrary">
<arg>${group_gender}</arg>
<arg>${gender}</arg>
<doc>Verifies radio button group ``group_name`` is set to ``value``.</doc>
<msg timestamp="20240103 13:43:20.033" level="INFO">Verifying radio button 'gender' has selection 'male'.</msg>
<status status="PASS" starttime="20240103 13:43:20.033" endtime="20240103 13:43:20.051"/>
</kw>
<status status="PASS" starttime="20240103 13:43:20.032" endtime="20240103 13:43:20.051"/>
</kw>
<kw name="When Select check days with @{days}" library="automation-testing-practice">
<for flavor="IN">
<var>${day}</var>
<value>@{days}</value>
<iter>
<var name="${day}">monday</var>
<kw name="Select Checkbox" library="SeleniumLibrary">
<arg>xpath://*[@id="${day}"]</arg>
<doc>Selects the checkbox identified by ``locator``.</doc>
<msg timestamp="20240103 13:43:20.053" level="INFO">Selecting checkbox 'xpath://*[@id="monday"]'.</msg>
<status status="PASS" starttime="20240103 13:43:20.052" endtime="20240103 13:43:20.104"/>
</kw>
<status status="PASS" starttime="20240103 13:43:20.052" endtime="20240103 13:43:20.104"/>
</iter>
<iter>
<var name="${day}">tuesday</var>
<kw name="Select Checkbox" library="SeleniumLibrary">
<arg>xpath://*[@id="${day}"]</arg>
<doc>Selects the checkbox identified by ``locator``.</doc>
<msg timestamp="20240103 13:43:20.105" level="INFO">Selecting checkbox 'xpath://*[@id="tuesday"]'.</msg>
<status status="PASS" starttime="20240103 13:43:20.104" endtime="20240103 13:43:20.154"/>
</kw>
<status status="PASS" starttime="20240103 13:43:20.104" endtime="20240103 13:43:20.154"/>
</iter>
<status status="PASS" starttime="20240103 13:43:20.052" endtime="20240103 13:43:20.154"/>
</for>
<status status="PASS" starttime="20240103 13:43:20.052" endtime="20240103 13:43:20.154"/>
</kw>
<kw name="Then Verify checkbox should be selected @{days}" library="automation-testing-practice">
<for flavor="IN">
<var>${day}</var>
<value>@{days}</value>
<iter>
<var name="${day}">monday</var>
<kw name="Checkbox Should Be Selected" library="SeleniumLibrary">
<arg>xpath://*[@id="${day}"]</arg>
<doc>Verifies checkbox ``locator`` is selected/checked.</doc>
<msg timestamp="20240103 13:43:20.155" level="INFO">Verifying checkbox 'xpath://*[@id="monday"]' is selected.</msg>
<status status="PASS" starttime="20240103 13:43:20.155" endtime="20240103 13:43:20.174"/>
</kw>
<status status="PASS" starttime="20240103 13:43:20.155" endtime="20240103 13:43:20.174"/>
</iter>
<iter>
<var name="${day}">tuesday</var>
<kw name="Checkbox Should Be Selected" library="SeleniumLibrary">
<arg>xpath://*[@id="${day}"]</arg>
<doc>Verifies checkbox ``locator`` is selected/checked.</doc>
<msg timestamp="20240103 13:43:20.174" level="INFO">Verifying checkbox 'xpath://*[@id="tuesday"]' is selected.</msg>
<status status="PASS" starttime="20240103 13:43:20.174" endtime="20240103 13:43:20.193"/>
</kw>
<status status="PASS" starttime="20240103 13:43:20.174" endtime="20240103 13:43:20.193"/>
</iter>
<status status="PASS" starttime="20240103 13:43:20.155" endtime="20240103 13:43:20.193"/>
</for>
<status status="PASS" starttime="20240103 13:43:20.155" endtime="20240103 13:43:20.193"/>
</kw>
<kw name="When Select country with ${country}" library="automation-testing-practice" sourcename="Select country with ${country}">
<kw name="Select From List By Value" library="SeleniumLibrary">
<arg>${path_drop_down_country}</arg>
<arg>${country}</arg>
<doc>Selects options from selection list ``locator`` by ``values``.</doc>
<msg timestamp="20240103 13:43:20.195" level="INFO">Selecting options from selection list 'xpath://*[@id="country"]' by value canada.</msg>
<status status="PASS" starttime="20240103 13:43:20.195" endtime="20240103 13:43:20.245"/>
</kw>
<status status="PASS" starttime="20240103 13:43:20.195" endtime="20240103 13:43:20.245"/>
</kw>
<kw name="Then Verify selected country is ${country}" library="automation-testing-practice" sourcename="Verify selected country is ${country}">
<kw name="List Selection Should Be" library="SeleniumLibrary">
<arg>${path_drop_down_country}</arg>
<arg>${country}</arg>
<doc>Verifies selection list ``locator`` has ``expected`` options selected.</doc>
<msg timestamp="20240103 13:43:20.246" level="INFO">Verifying list 'xpath://*[@id="country"]' has option [ canada ] selected.</msg>
<msg timestamp="20240103 13:43:20.256" level="INFO">Current page contains list 'xpath://*[@id="country"]'.</msg>
<status status="PASS" starttime="20240103 13:43:20.246" endtime="20240103 13:43:20.336"/>
</kw>
<status status="PASS" starttime="20240103 13:43:20.246" endtime="20240103 13:43:20.336"/>
</kw>
<kw name="When Select color with ${color}" library="automation-testing-practice" sourcename="Select color with ${color}">
<kw name="Select From List By Value" library="SeleniumLibrary">
<arg>${path_color_option}</arg>
<arg>${color}</arg>
<doc>Selects options from selection list ``locator`` by ``values``.</doc>
<msg timestamp="20240103 13:43:20.338" level="INFO">Selecting options from selection list 'xpath://*[@id="colors"]' by value red.</msg>
<status status="PASS" starttime="20240103 13:43:20.336" endtime="20240103 13:43:20.402"/>
</kw>
<status status="PASS" starttime="20240103 13:43:20.336" endtime="20240103 13:43:20.402"/>
</kw>
<kw name="Then Verify selected color is ${color}" library="automation-testing-practice" sourcename="Verify selected color is ${color}">
<kw name="List Selection Should Be" library="SeleniumLibrary">
<arg>${path_color_option}</arg>
<arg>${color}</arg>
<doc>Verifies selection list ``locator`` has ``expected`` options selected.</doc>
<msg timestamp="20240103 13:43:20.404" level="INFO">Verifying list 'xpath://*[@id="colors"]' has option [ red ] selected.</msg>
<msg timestamp="20240103 13:43:20.412" level="INFO">Current page contains list 'xpath://*[@id="colors"]'.</msg>
<status status="PASS" starttime="20240103 13:43:20.403" endtime="20240103 13:43:20.465"/>
</kw>
<status status="PASS" starttime="20240103 13:43:20.403" endtime="20240103 13:43:20.465"/>
</kw>
<kw name="When Enter date with ${date}" library="automation-testing-practice" sourcename="Enter date with ${date}">
<kw name="Input Text" library="SeleniumLibrary">
<arg>${path_date_selecter}</arg>
<arg>${date}</arg>
<doc>Types the given ``text`` into the text field identified by ``locator``.</doc>
<msg timestamp="20240103 13:43:20.466" level="INFO">Typing text '01/01/2001' into text field 'xpath://*[@id="datepicker"]'.</msg>
<status status="PASS" starttime="20240103 13:43:20.466" endtime="20240103 13:43:20.539"/>
</kw>
<status status="PASS" starttime="20240103 13:43:20.466" endtime="20240103 13:43:20.539"/>
</kw>
<kw name="Then Verify date is ${date}" library="automation-testing-practice" sourcename="Verify date is ${date}">
<kw name="Get Value" library="SeleniumLibrary">
<var>${actual_text}</var>
<arg>${path_date_selecter}</arg>
<doc>Returns the value attribute of the element identified by ``locator``.</doc>
<msg timestamp="20240103 13:43:20.552" level="INFO">${actual_text} = 01/01/2001</msg>
<status status="PASS" starttime="20240103 13:43:20.540" endtime="20240103 13:43:20.552"/>
</kw>
<kw name="Should Be Equal As Strings" library="BuiltIn">
<arg>${actual_text}</arg>
<arg>${date}</arg>
<doc>Fails if objects are unequal after converting them to strings.</doc>
<status status="PASS" starttime="20240103 13:43:20.552" endtime="20240103 13:43:20.552"/>
</kw>
<status status="PASS" starttime="20240103 13:43:20.539" endtime="20240103 13:43:20.552"/>
</kw>
<kw name="When Click link open cart" library="automation-testing-practice">
<kw name="Click Element" library="SeleniumLibrary">
<arg>${path_open_cart_hyperlink}</arg>
<doc>Click the element identified by ``locator``.</doc>
<msg timestamp="20240103 13:43:20.553" level="INFO">Clicking element 'xpath://*[@id="post-body-1307673142697428135"]/a[1]'.</msg>
<status status="PASS" starttime="20240103 13:43:20.553" endtime="20240103 13:43:22.000"/>
</kw>
<status status="PASS" starttime="20240103 13:43:20.553" endtime="20240103 13:43:22.000"/>
</kw>
<kw name="Then Verify url open cart" library="automation-testing-practice">
<kw name="Location Should Be" library="SeleniumLibrary">
<arg>https://demo.opencart.com/</arg>
<doc>Verifies that the current URL is exactly ``url``.</doc>
<msg timestamp="20240103 13:43:22.004" level="INFO">Current location is 'https://demo.opencart.com/'.</msg>
<status status="PASS" starttime="20240103 13:43:22.000" endtime="20240103 13:43:22.004"/>
</kw>
<status status="PASS" starttime="20240103 13:43:22.000" endtime="20240103 13:43:22.004"/>
</kw>
<kw name="When Go Back" library="SeleniumLibrary">
<doc>Simulates the user clicking the back button on their browser.</doc>
<status status="PASS" starttime="20240103 13:43:22.004" endtime="20240103 13:43:24.260"/>
</kw>
<kw name="Then Verify that the page is successfully visible." library="automation-testing-practice">
<kw name="Element Should Be Visible" library="SeleniumLibrary">
<arg>${path_txt_title}</arg>
<doc>Verifies that the element identified by ``locator`` is visible.</doc>
<msg timestamp="20240103 13:43:24.276" level="INFO">Element 'xpath://*[@id="header-inner"]/div[1]/h1' is displayed.</msg>
<status status="PASS" starttime="20240103 13:43:24.260" endtime="20240103 13:43:24.277"/>
</kw>
<status status="PASS" starttime="20240103 13:43:24.260" endtime="20240103 13:43:24.277"/>
</kw>
<kw name="When Click link orange HRM" library="automation-testing-practice">
<kw name="Click Element" library="SeleniumLibrary">
<arg>${path_open_cart_hyperlink}</arg>
<doc>Click the element identified by ``locator``.</doc>
<msg timestamp="20240103 13:43:24.277" level="INFO">Clicking element 'xpath://*[@id="post-body-1307673142697428135"]/a[1]'.</msg>
<status status="PASS" starttime="20240103 13:43:24.277" endtime="20240103 13:43:24.642"/>
</kw>
<status status="PASS" starttime="20240103 13:43:24.277" endtime="20240103 13:43:24.642"/>
</kw>
<kw name="Then Verify url orange HRM" library="automation-testing-practice">
<kw name="Location Should Be" library="SeleniumLibrary">
<arg>https://demo.opencart.com/</arg>
<doc>Verifies that the current URL is exactly ``url``.</doc>
<msg timestamp="20240103 13:43:24.646" level="INFO">Current location is 'https://demo.opencart.com/'.</msg>
<status status="PASS" starttime="20240103 13:43:24.642" endtime="20240103 13:43:24.646"/>
</kw>
<status status="PASS" starttime="20240103 13:43:24.642" endtime="20240103 13:43:24.646"/>
</kw>
<kw name="When Go Back" library="SeleniumLibrary">
<doc>Simulates the user clicking the back button on their browser.</doc>
<status status="PASS" starttime="20240103 13:43:24.647" endtime="20240103 13:43:26.903"/>
</kw>
<kw name="Then Verify that the page is successfully visible." library="automation-testing-practice">
<kw name="Element Should Be Visible" library="SeleniumLibrary">
<arg>${path_txt_title}</arg>
<doc>Verifies that the element identified by ``locator`` is visible.</doc>
<msg timestamp="20240103 13:43:26.917" level="INFO">Element 'xpath://*[@id="header-inner"]/div[1]/h1' is displayed.</msg>
<status status="PASS" starttime="20240103 13:43:26.903" endtime="20240103 13:43:26.917"/>
</kw>
<status status="PASS" starttime="20240103 13:43:26.903" endtime="20240103 13:43:26.917"/>
</kw>
<kw name="When Click hyperlink home" library="automation-testing-practice">
<kw name="Click Element" library="SeleniumLibrary">
<arg>${path_home_hyperlink}</arg>
<doc>Click the element identified by ``locator``.</doc>
<msg timestamp="20240103 13:43:26.918" level="INFO">Clicking element 'xpath://*[@id="blog-pager"]/a'.</msg>
<status status="PASS" starttime="20240103 13:43:26.918" endtime="20240103 13:43:30.002"/>
</kw>
<status status="PASS" starttime="20240103 13:43:26.917" endtime="20240103 13:43:30.002"/>
</kw>
<kw name="Then Verify data is clear" library="automation-testing-practice">
<kw name="Get Value" library="SeleniumLibrary">
<var>${actual_text}</var>
<arg>${default_web_path}[name]</arg>
<doc>Returns the value attribute of the element identified by ``locator``.</doc>
<msg timestamp="20240103 13:43:30.016" level="INFO">${actual_text} = </msg>
<status status="PASS" starttime="20240103 13:43:30.003" endtime="20240103 13:43:30.016"/>
</kw>
<kw name="Should Be Equal As Strings" library="BuiltIn">
<arg>${actual_text}</arg>
<arg>${EMPTY}</arg>
<doc>Fails if objects are unequal after converting them to strings.</doc>
<status status="PASS" starttime="20240103 13:43:30.016" endtime="20240103 13:43:30.017"/>
</kw>
<kw name="Get Value" library="SeleniumLibrary">
<var>${actual_text}</var>
<arg>${path_date_selecter}</arg>
<doc>Returns the value attribute of the element identified by ``locator``.</doc>
<msg timestamp="20240103 13:43:30.030" level="INFO">${actual_text} = </msg>
<status status="PASS" starttime="20240103 13:43:30.017" endtime="20240103 13:43:30.030"/>
</kw>
<kw name="Should Be Equal As Strings" library="BuiltIn">
<arg>${actual_text}</arg>
<arg>${EMPTY}</arg>
<doc>Fails if objects are unequal after converting them to strings.</doc>
<status status="PASS" starttime="20240103 13:43:30.030" endtime="20240103 13:43:30.031"/>
</kw>
<status status="PASS" starttime="20240103 13:43:30.003" endtime="20240103 13:43:30.031"/>
</kw>
<status status="PASS" starttime="20240103 13:43:19.585" endtime="20240103 13:43:30.031"/>
</test>
<test id="s1-t2" name="Verify that the Pagination is working properly." line="52">
<kw name="When Verify that the page is successfully visible." library="automation-testing-practice">
<kw name="Element Should Be Visible" library="SeleniumLibrary">
<arg>${path_txt_title}</arg>
<doc>Verifies that the element identified by ``locator`` is visible.</doc>
<msg timestamp="20240103 13:43:30.049" level="INFO">Element 'xpath://*[@id="header-inner"]/div[1]/h1' is displayed.</msg>
<status status="PASS" starttime="20240103 13:43:30.032" endtime="20240103 13:43:30.049"/>
</kw>
<status status="PASS" starttime="20240103 13:43:30.032" endtime="20240103 13:43:30.049"/>
</kw>
<kw name="Then Verify pageination is default" library="automation-pagination">
<kw name="Page Should Contain" library="SeleniumLibrary">
<arg>Product 1</arg>
<doc>Verifies that current page contains ``text``.</doc>
<msg timestamp="20240103 13:43:30.078" level="INFO">Current page contains text 'Product 1'.</msg>
<status status="PASS" starttime="20240103 13:43:30.050" endtime="20240103 13:43:30.078"/>
</kw>
<kw name="Wait Until Page Contains Element" library="SeleniumLibrary">
<arg>${path_pagination_page1}\[contains(@class, "active")]</arg>
<doc>Waits until the element ``locator`` appears on the current page.</doc>
<status status="PASS" starttime="20240103 13:43:30.078" endtime="20240103 13:43:30.087"/>
</kw>
<status status="PASS" starttime="20240103 13:43:30.049" endtime="20240103 13:43:30.087"/>
</kw>
<kw name="When Chage pagination to page ${number_of_page}" library="automation-pagination" sourcename="Chage pagination to page ${number_of_page}">
<kw name="Click Element" library="SeleniumLibrary">
<arg>xpath://*[@id="pagination"]/li[${number_of_page}]/a</arg>
<doc>Click the element identified by ``locator``.</doc>
<msg timestamp="20240103 13:43:30.088" level="INFO">Clicking element 'xpath://*[@id="pagination"]/li[3]/a'.</msg>
<status status="PASS" starttime="20240103 13:43:30.088" endtime="20240103 13:43:30.122"/>
</kw>
<status status="PASS" starttime="20240103 13:43:30.088" endtime="20240103 13:43:30.122"/>
</kw>
<kw name="Then Verify pagination is page ${number_of_page}" library="automation-pagination" sourcename="Verify pagination is page ${number_of_page}">
<kw name="Set Variable" library="BuiltIn">
<var>${number1}</var>
<arg>5</arg>
<doc>Returns the given values which can then be assigned to a variables.</doc>
<msg timestamp="20240103 13:43:30.123" level="INFO">${number1} = 5</msg>
<status status="PASS" starttime="20240103 13:43:30.123" endtime="20240103 13:43:30.123"/>
</kw>
<kw name="Evaluate" library="BuiltIn">
<var>${result}</var>
<arg>${number_of_page} * ${number1}</arg>
<doc>Evaluates the given expression in Python and returns the result.</doc>
<msg timestamp="20240103 13:43:30.123" level="INFO">${result} = 15</msg>
<status status="PASS" starttime="20240103 13:43:30.123" endtime="20240103 13:43:30.123"/>
</kw>
<kw name="Page Should Contain" library="SeleniumLibrary">
<arg>Product ${result}</arg>
<doc>Verifies that current page contains ``text``.</doc>
<msg timestamp="20240103 13:43:30.135" level="INFO">Current page contains text 'Product 15'.</msg>
<status status="PASS" starttime="20240103 13:43:30.123" endtime="20240103 13:43:30.135"/>
</kw>
<status status="PASS" starttime="20240103 13:43:30.122" endtime="20240103 13:43:30.135"/>
</kw>
<kw name="When Select check box @{check_box} of page ${number_of_page}" library="automation-pagination" sourcename="Select check box @{check_box} of page ${page}">
<for flavor="IN">
<var>${check_box_number}</var>
<value>@{check_box}</value>
<iter>
<var name="${check_box_number}">1</var>
<kw name="Click Element" library="SeleniumLibrary">
<arg>xpath://*[@id="productTable"]/tbody/tr[${check_box_number}]/td[4]/input</arg>
<doc>Click the element identified by ``locator``.</doc>
<msg timestamp="20240103 13:43:30.137" level="INFO">Clicking element 'xpath://*[@id="productTable"]/tbody/tr[1]/td[4]/input'.</msg>
<status status="PASS" starttime="20240103 13:43:30.136" endtime="20240103 13:43:30.169"/>
</kw>
<status status="PASS" starttime="20240103 13:43:30.136" endtime="20240103 13:43:30.169"/>
</iter>
<iter>
<var name="${check_box_number}">3</var>
<kw name="Click Element" library="SeleniumLibrary">
<arg>xpath://*[@id="productTable"]/tbody/tr[${check_box_number}]/td[4]/input</arg>
<doc>Click the element identified by ``locator``.</doc>
<msg timestamp="20240103 13:43:30.171" level="INFO">Clicking element 'xpath://*[@id="productTable"]/tbody/tr[3]/td[4]/input'.</msg>
<status status="PASS" starttime="20240103 13:43:30.169" endtime="20240103 13:43:30.202"/>
</kw>
<status status="PASS" starttime="20240103 13:43:30.169" endtime="20240103 13:43:30.202"/>
</iter>
<status status="PASS" starttime="20240103 13:43:30.136" endtime="20240103 13:43:30.203"/>
</for>
<status status="PASS" starttime="20240103 13:43:30.135" endtime="20240103 13:43:30.203"/>
</kw>
<kw name="Then Verify check box @{check_box} of page ${number_of_page} should selected" library="automation-pagination" sourcename="Verify check box @{check_box} of page ${page} should selected">
<for flavor="IN">
<var>${check_box_number}</var>
<value>@{check_box}</value>
<iter>
<var name="${check_box_number}">1</var>
<kw name="Checkbox Should Be Selected" library="SeleniumLibrary">
<arg>xpath://*[@id="productTable"]/tbody/tr[${check_box_number}]/td[4]/input</arg>
<doc>Verifies checkbox ``locator`` is selected/checked.</doc>
<msg timestamp="20240103 13:43:30.204" level="INFO">Verifying checkbox 'xpath://*[@id="productTable"]/tbody/tr[1]/td[4]/input' is selected.</msg>
<status status="PASS" starttime="20240103 13:43:30.203" endtime="20240103 13:43:30.223"/>
</kw>
<status status="PASS" starttime="20240103 13:43:30.203" endtime="20240103 13:43:30.223"/>
</iter>
<iter>
<var name="${check_box_number}">3</var>
<kw name="Checkbox Should Be Selected" library="SeleniumLibrary">
<arg>xpath://*[@id="productTable"]/tbody/tr[${check_box_number}]/td[4]/input</arg>
<doc>Verifies checkbox ``locator`` is selected/checked.</doc>
<msg timestamp="20240103 13:43:30.223" level="INFO">Verifying checkbox 'xpath://*[@id="productTable"]/tbody/tr[3]/td[4]/input' is selected.</msg>
<status status="PASS" starttime="20240103 13:43:30.223" endtime="20240103 13:43:30.243"/>
</kw>
<status status="PASS" starttime="20240103 13:43:30.223" endtime="20240103 13:43:30.243"/>
</iter>
<status status="PASS" starttime="20240103 13:43:30.203" endtime="20240103 13:43:30.243"/>
</for>
<status status="PASS" starttime="20240103 13:43:30.203" endtime="20240103 13:43:30.243"/>
</kw>
<status status="PASS" starttime="20240103 13:43:30.032" endtime="20240103 13:43:30.243"/>
</test>
<test id="s1-t3" name="Verify that the Search Bar is working properly." line="60">
<kw name="Given Verify that the page is successfully visible." library="automation-testing-practice">
<kw name="Element Should Be Visible" library="SeleniumLibrary">
<arg>${path_txt_title}</arg>
<doc>Verifies that the element identified by ``locator`` is visible.</doc>
<msg timestamp="20240103 13:43:30.258" level="INFO">Element 'xpath://*[@id="header-inner"]/div[1]/h1' is displayed.</msg>
<status status="PASS" starttime="20240103 13:43:30.245" endtime="20240103 13:43:30.258"/>
</kw>
<status status="PASS" starttime="20240103 13:43:30.245" endtime="20240103 13:43:30.258"/>
</kw>
<kw name="When Search with ${empty_data}" library="automation-tabs" sourcename="Search with ${data}">
<kw name="Input Text" library="SeleniumLibrary">
<arg>${path_search_input}</arg>
<arg>${data}</arg>
<doc>Types the given ``text`` into the text field identified by ``locator``.</doc>
<msg timestamp="20240103 13:43:30.259" level="INFO">Typing text '' into text field 'xpath://*[@id="Wikipedia1_wikipedia-search-input"]'.</msg>
<status status="PASS" starttime="20240103 13:43:30.259" endtime="20240103 13:43:30.317"/>
</kw>
<kw name="Click Element" library="SeleniumLibrary">
<arg>${btn_search}</arg>
<doc>Click the element identified by ``locator``.</doc>
<msg timestamp="20240103 13:43:30.318" level="INFO">Clicking element 'xpath://*[@id="Wikipedia1_wikipedia-search-form"]/div/span[2]/span[2]/input'.</msg>
<status status="PASS" starttime="20240103 13:43:30.317" endtime="20240103 13:43:30.353"/>
</kw>
<status status="PASS" starttime="20240103 13:43:30.258" endtime="20240103 13:43:30.353"/>
</kw>
<kw name="Then Verify Please enter text to search is visible" library="automation-tabs">
<kw name="Page Should Contain" library="SeleniumLibrary">
<arg>Please enter text to search.</arg>
<doc>Verifies that current page contains ``text``.</doc>
<msg timestamp="20240103 13:43:30.364" level="INFO">Current page contains text 'Please enter text to search.'.</msg>
<status status="PASS" starttime="20240103 13:43:30.354" endtime="20240103 13:43:30.364"/>
</kw>
<status status="PASS" starttime="20240103 13:43:30.353" endtime="20240103 13:43:30.364"/>
</kw>
<kw name="When Search with ${anime_name}" library="automation-tabs" sourcename="Search with ${data}">
<kw name="Input Text" library="SeleniumLibrary">
<arg>${path_search_input}</arg>
<arg>${data}</arg>
<doc>Types the given ``text`` into the text field identified by ``locator``.</doc>
<msg timestamp="20240103 13:43:30.365" level="INFO">Typing text 'Dragon Ball' into text field 'xpath://*[@id="Wikipedia1_wikipedia-search-input"]'.</msg>
<status status="PASS" starttime="20240103 13:43:30.365" endtime="20240103 13:43:30.424"/>
</kw>
<kw name="Click Element" library="SeleniumLibrary">
<arg>${btn_search}</arg>
<doc>Click the element identified by ``locator``.</doc>
<msg timestamp="20240103 13:43:30.424" level="INFO">Clicking element 'xpath://*[@id="Wikipedia1_wikipedia-search-form"]/div/span[2]/span[2]/input'.</msg>
<status status="PASS" starttime="20240103 13:43:30.424" endtime="20240103 13:43:30.461"/>
</kw>
<status status="PASS" starttime="20240103 13:43:30.365" endtime="20240103 13:43:30.461"/>
</kw>
<kw name="Then Verify search result of search is visible" library="automation-tabs">
<kw name="Wait Until Element Is Visible" library="SeleniumLibrary">
<arg>${path_search_result}</arg>
<doc>Waits until the element ``locator`` is visible.</doc>
<status status="PASS" starttime="20240103 13:43:30.461" endtime="20240103 13:43:30.476"/>
</kw>
<kw name="Element Should Be Visible" library="SeleniumLibrary">
<arg>${path_search_result}</arg>
<doc>Verifies that the element identified by ``locator`` is visible.</doc>
<msg timestamp="20240103 13:43:30.489" level="INFO">Element 'xpath://*[@id="Wikipedia1_wikipedia-search-results"]' is displayed.</msg>
<status status="PASS" starttime="20240103 13:43:30.476" endtime="20240103 13:43:30.489"/>
</kw>
<status status="PASS" starttime="20240103 13:43:30.461" endtime="20240103 13:43:30.489"/>
</kw>
<status status="PASS" starttime="20240103 13:43:30.245" endtime="20240103 13:43:30.489"/>
</test>
<test id="s1-t4" name="Verify New Browser Window is working properly." line="67">
<kw name="Given Verify that the page is successfully visible." library="automation-testing-practice">
<kw name="Element Should Be Visible" library="SeleniumLibrary">
<arg>${path_txt_title}</arg>
<doc>Verifies that the element identified by ``locator`` is visible.</doc>
<msg timestamp="20240103 13:43:30.504" level="INFO">Element 'xpath://*[@id="header-inner"]/div[1]/h1' is displayed.</msg>
<status status="PASS" starttime="20240103 13:43:30.490" endtime="20240103 13:43:30.504"/>
</kw>
<status status="PASS" starttime="20240103 13:43:30.490" endtime="20240103 13:43:30.504"/>
</kw>
<kw name="When Click New Windows Browser button" library="automation-new-windows">
<kw name="Click Element" library="SeleniumLibrary">
<arg>${btn_new_browser_window}</arg>
<doc>Click the element identified by ``locator``.</doc>
<msg timestamp="20240103 13:43:30.504" level="INFO">Clicking element 'xpath://*[@id="HTML4"]/div[1]/button'.</msg>
<status status="PASS" starttime="20240103 13:43:30.504" endtime="20240103 13:43:30.542"/>
</kw>
<kw name="Sleep" library="BuiltIn">
<arg>3s</arg>
<doc>Pauses the test executed for the given time.</doc>
<msg timestamp="20240103 13:43:33.544" level="INFO">Slept 3 seconds</msg>
<status status="PASS" starttime="20240103 13:43:30.543" endtime="20240103 13:43:33.544"/>
</kw>
<status status="PASS" starttime="20240103 13:43:30.504" endtime="20240103 13:43:33.544"/>
</kw>
<kw name="Then Verify New Browser Is Opened" library="automation-new-windows">
<kw name="Get Window Handles" library="SeleniumLibrary">
<var>${handles}</var>
<doc>Returns all child window handles of the selected browser as a list.</doc>
<msg timestamp="20240103 13:43:33.548" level="INFO">${handles} = ['1A104E8992327CA8F1F0BBBC2AA66D48', 'A6DD369BA1C0B59891DA84AE64E5F083']</msg>
<status status="PASS" starttime="20240103 13:43:33.544" endtime="20240103 13:43:33.548"/>
</kw>
<kw name="Set Variable" library="BuiltIn">
<var>${new_window}</var>
<arg>${handles}[1]</arg>
<doc>Returns the given values which can then be assigned to a variables.</doc>
<msg timestamp="20240103 13:43:33.548" level="INFO">${new_window} = A6DD369BA1C0B59891DA84AE64E5F083</msg>
<status status="PASS" starttime="20240103 13:43:33.548" endtime="20240103 13:43:33.548"/>
</kw>
<kw name="Switch Window" library="SeleniumLibrary">
<arg>${new_window}</arg>
<doc>Switches to browser window matching ``locator``.</doc>
<status status="PASS" starttime="20240103 13:43:33.548" endtime="20240103 13:43:33.561"/>
</kw>
<kw name="Wait Until Page Contains Element" library="SeleniumLibrary">
<arg>${path_img_element}</arg>
<doc>Waits until the element ``locator`` appears on the current page.</doc>
<status status="PASS" starttime="20240103 13:43:33.561" endtime="20240103 13:43:33.570"/>
</kw>
<kw name="Page Should Contain Element" library="SeleniumLibrary">
<arg>${path_img_element}</arg>
<doc>Verifies that element ``locator`` is found on the current page.</doc>
<msg timestamp="20240103 13:43:33.577" level="INFO">Current page contains element 'xpath://*[@id="logo"]/a/img'.</msg>
<status status="PASS" starttime="20240103 13:43:33.570" endtime="20240103 13:43:33.577"/>
</kw>
<status status="PASS" starttime="20240103 13:43:33.544" endtime="20240103 13:43:33.577"/>
</kw>
<kw name="When Switch browser to browser ${browser_number}" library="automation-new-windows" sourcename="Switch browser to browser ${browser_number}">
<kw name="Get Window Handles" library="SeleniumLibrary">
<var>${handles}</var>
<doc>Returns all child window handles of the selected browser as a list.</doc>
<msg timestamp="20240103 13:43:33.579" level="INFO">${handles} = ['1A104E8992327CA8F1F0BBBC2AA66D48', 'A6DD369BA1C0B59891DA84AE64E5F083']</msg>
<status status="PASS" starttime="20240103 13:43:33.578" endtime="20240103 13:43:33.579"/>
</kw>
<kw name="Set Variable" library="BuiltIn">
<var>${new_window}</var>
<arg>${handles}[${browser_number}]</arg>
<doc>Returns the given values which can then be assigned to a variables.</doc>
<msg timestamp="20240103 13:43:33.579" level="INFO">${new_window} = 1A104E8992327CA8F1F0BBBC2AA66D48</msg>
<status status="PASS" starttime="20240103 13:43:33.579" endtime="20240103 13:43:33.579"/>
</kw>
<kw name="Switch Window" library="SeleniumLibrary">
<arg>${new_window}</arg>
<doc>Switches to browser window matching ``locator``.</doc>
<status status="PASS" starttime="20240103 13:43:33.579" endtime="20240103 13:43:33.582"/>
</kw>
<status status="PASS" starttime="20240103 13:43:33.577" endtime="20240103 13:43:33.582"/>
</kw>
<status status="PASS" starttime="20240103 13:43:30.489" endtime="20240103 13:43:33.582"/>
</test>
<test id="s1-t5" name="Verify JS Alerts is working properly." line="73">
<kw name="Given Verify that the page is successfully visible." library="automation-testing-practice">
<kw name="Element Should Be Visible" library="SeleniumLibrary">
<arg>${path_txt_title}</arg>
<doc>Verifies that the element identified by ``locator`` is visible.</doc>
<msg timestamp="20240103 13:43:33.595" level="INFO">Element 'xpath://*[@id="header-inner"]/div[1]/h1' is displayed.</msg>
<status status="PASS" starttime="20240103 13:43:33.584" endtime="20240103 13:43:33.595"/>
</kw>
<status status="PASS" starttime="20240103 13:43:33.584" endtime="20240103 13:43:33.595"/>
</kw>
<kw name="When Click Alert Button" library="automation-alerts">
<kw name="Click Element" library="SeleniumLibrary">
<arg>${btn_alert}</arg>
<doc>Click the element identified by ``locator``.</doc>
<msg timestamp="20240103 13:43:33.597" level="INFO">Clicking element 'xpath://*[@id="HTML9"]/div[1]/button[1]'.</msg>
<status status="PASS" starttime="20240103 13:43:33.595" endtime="20240103 13:43:33.631"/>
</kw>
<status status="PASS" starttime="20240103 13:43:33.595" endtime="20240103 13:43:33.631"/>
</kw>
<kw name="Then Verify Alert Should Be Present" library="automation-alerts">
<kw name="Alert Should Be Present" library="SeleniumLibrary">
<arg>I am an alert box!</arg>
<doc>Verifies that an alert is present and by default, accepts it.</doc>
<msg timestamp="20240103 13:43:33.632" level="INFO">HANDLE::&lt;class 'NoneType'&gt;::None</msg>
<status status="PASS" starttime="20240103 13:43:33.631" endtime="20240103 13:43:33.633"/>
</kw>
<status status="PASS" starttime="20240103 13:43:33.631" endtime="20240103 13:43:33.633"/>
</kw>
<kw name="When Click Confirm Box Button" library="automation-alerts">
<kw name="Click Element" library="SeleniumLibrary">
<arg>${btn_confirm_box}</arg>
<doc>Click the element identified by ``locator``.</doc>
<msg timestamp="20240103 13:43:33.635" level="INFO">Clicking element 'xpath://*[@id="HTML9"]/div[1]/button[2]'.</msg>
<status status="PASS" starttime="20240103 13:43:33.635" endtime="20240103 13:43:33.666"/>
</kw>
<status status="PASS" starttime="20240103 13:43:33.635" endtime="20240103 13:43:33.666"/>
</kw>
<kw name="And Click Confirm In Alert" library="automation-alerts">
<kw name="Handle Alert" library="SeleniumLibrary">
<arg>accept</arg>
<doc>Handles the current alert and returns its message.</doc>
<msg timestamp="20240103 13:43:33.667" level="INFO">HANDLE::&lt;class 'NoneType'&gt;::None</msg>
<status status="PASS" starttime="20240103 13:43:33.667" endtime="20240103 13:43:33.669"/>
</kw>
<status status="PASS" starttime="20240103 13:43:33.667" endtime="20240103 13:43:33.669"/>
</kw>
<kw name="Then Verify Text You pressed OK! should be visible" library="automation-alerts">
<kw name="Element Should Contain" library="SeleniumLibrary">
<arg>${path_txt_alert}</arg>
<arg>You pressed OK!</arg>
<doc>Verifies that element ``locator`` contains text ``expected``.</doc>
<msg timestamp="20240103 13:43:33.685" level="INFO">Element 'xpath://*[@id="demo"]' contains text 'You pressed OK!'.</msg>
<status status="PASS" starttime="20240103 13:43:33.670" endtime="20240103 13:43:33.685"/>
</kw>
<status status="PASS" starttime="20240103 13:43:33.669" endtime="20240103 13:43:33.685"/>
</kw>
<kw name="When Click Confirm Box Button" library="automation-alerts">
<kw name="Click Element" library="SeleniumLibrary">
<arg>${btn_confirm_box}</arg>
<doc>Click the element identified by ``locator``.</doc>
<msg timestamp="20240103 13:43:33.686" level="INFO">Clicking element 'xpath://*[@id="HTML9"]/div[1]/button[2]'.</msg>
<status status="PASS" starttime="20240103 13:43:33.686" endtime="20240103 13:43:33.711"/>
</kw>
<status status="PASS" starttime="20240103 13:43:33.686" endtime="20240103 13:43:33.711"/>
</kw>
<kw name="And Click Dismiss In Alert" library="automation-alerts">
<kw name="Handle Alert" library="SeleniumLibrary">
<arg>action=DISMISS</arg>
<doc>Handles the current alert and returns its message.</doc>
<msg timestamp="20240103 13:43:33.712" level="INFO">HANDLE::&lt;class 'NoneType'&gt;::None</msg>
<status status="PASS" starttime="20240103 13:43:33.712" endtime="20240103 13:43:33.714"/>
</kw>
<status status="PASS" starttime="20240103 13:43:33.712" endtime="20240103 13:43:33.714"/>
</kw>
<kw name="Then Verify Text You pressed Cancel! should be visible" library="automation-alerts">
<kw name="Element Should Contain" library="SeleniumLibrary">
<arg>${path_txt_alert}</arg>
<arg>You pressed Cancel!</arg>
<doc>Verifies that element ``locator`` contains text ``expected``.</doc>
<msg timestamp="20240103 13:43:33.727" level="INFO">Element 'xpath://*[@id="demo"]' contains text 'You pressed Cancel!'.</msg>
<status status="PASS" starttime="20240103 13:43:33.714" endtime="20240103 13:43:33.727"/>
</kw>
<status status="PASS" starttime="20240103 13:43:33.714" endtime="20240103 13:43:33.727"/>
</kw>
<kw name="When Click Prompt Button" library="automation-alerts">
<kw name="Click Element" library="SeleniumLibrary">
<arg>${btn_prompt}</arg>
<doc>Click the element identified by ``locator``.</doc>
<msg timestamp="20240103 13:43:33.728" level="INFO">Clicking element 'xpath://*[@id="HTML9"]/div[1]/button[3]'.</msg>
<status status="PASS" starttime="20240103 13:43:33.728" endtime="20240103 13:43:33.758"/>
</kw>
<status status="PASS" starttime="20240103 13:43:33.728" endtime="20240103 13:43:33.760"/>
</kw>
<kw name="And Input ${text} Into Alerts" library="automation-alerts" sourcename="Input ${text} Into Alerts">
<kw name="Input Text Into Alert" library="SeleniumLibrary">
<arg>${text}</arg>
<doc>Types the given ``text`` into an input field in an alert.</doc>
<status status="PASS" starttime="20240103 13:43:33.760" endtime="20240103 13:43:33.763"/>
</kw>
<status status="PASS" starttime="20240103 13:43:33.760" endtime="20240103 13:43:33.763"/>
</kw>
<kw name="Then Verify Text Hello ${text}! How are you today? should be visible" library="automation-alerts" sourcename="Verify Text Hello ${text}! How are you today? should be visible">
<kw name="Element Should Contain" library="SeleniumLibrary">
<arg>${path_txt_alert}</arg>
<arg>Hello ${text}! How are you today?</arg>
<doc>Verifies that element ``locator`` contains text ``expected``.</doc>
<msg timestamp="20240103 13:43:33.776" level="INFO">Element 'xpath://*[@id="demo"]' contains text 'Hello World! How are you today?'.</msg>
<status status="PASS" starttime="20240103 13:43:33.763" endtime="20240103 13:43:33.776"/>
</kw>
<status status="PASS" starttime="20240103 13:43:33.763" endtime="20240103 13:43:33.776"/>
</kw>
<kw name="When Click Prompt Button" library="automation-alerts">
<kw name="Click Element" library="SeleniumLibrary">
<arg>${btn_prompt}</arg>
<doc>Click the element identified by ``locator``.</doc>
<msg timestamp="20240103 13:43:33.777" level="INFO">Clicking element 'xpath://*[@id="HTML9"]/div[1]/button[3]'.</msg>
<status status="PASS" starttime="20240103 13:43:33.776" endtime="20240103 13:43:33.801"/>
</kw>
<status status="PASS" starttime="20240103 13:43:33.776" endtime="20240103 13:43:33.801"/>
</kw>
<kw name="And Input ${text} Into Alerts And Select DISMISS" library="automation-alerts" sourcename="Input ${text} Into Alerts And Select DISMISS">
<kw name="Input Text Into Alert" library="SeleniumLibrary">
<arg>${text}</arg>
<arg>action=DISMISS</arg>
<doc>Types the given ``text`` into an input field in an alert.</doc>
<status status="PASS" starttime="20240103 13:43:33.803" endtime="20240103 13:43:33.806"/>
</kw>
<status status="PASS" starttime="20240103 13:43:33.803" endtime="20240103 13:43:33.806"/>
</kw>
<kw name="Then Verify Text User cancelled the prompt. should be visible" library="automation-alerts">
<kw name="Element Should Contain" library="SeleniumLibrary">
<arg>${path_txt_alert}</arg>
<arg>User cancelled the prompt.</arg>
<doc>Verifies that element ``locator`` contains text ``expected``.</doc>
<msg timestamp="20240103 13:43:33.818" level="INFO">Element 'xpath://*[@id="demo"]' contains text 'User cancelled the prompt.'.</msg>
<status status="PASS" starttime="20240103 13:43:33.806" endtime="20240103 13:43:33.818"/>
</kw>
<status status="PASS" starttime="20240103 13:43:33.806" endtime="20240103 13:43:33.818"/>
</kw>
<status status="PASS" starttime="20240103 13:43:33.583" endtime="20240103 13:43:33.819"/>
</test>
<test id="s1-t6" name="Verify Double Click Action is working properly." line="90">
<kw name="Given Verify that the page is successfully visible." library="automation-testing-practice">
<kw name="Element Should Be Visible" library="SeleniumLibrary">
<arg>${path_txt_title}</arg>
<doc>Verifies that the element identified by ``locator`` is visible.</doc>
<msg timestamp="20240103 13:43:33.832" level="INFO">Element 'xpath://*[@id="header-inner"]/div[1]/h1' is displayed.</msg>
<status status="PASS" starttime="20240103 13:43:33.820" endtime="20240103 13:43:33.832"/>
</kw>
<status status="PASS" starttime="20240103 13:43:33.820" endtime="20240103 13:43:33.832"/>
</kw>
<kw name="When Clear Text Form Field1" library="automation-double-click">
<kw name="Clear Element Text" library="SeleniumLibrary">
<arg>${path_txt_field1}</arg>
<doc>Clears the value of the text-input-element identified by ``locator``.</doc>
<status status="PASS" starttime="20240103 13:43:33.833" endtime="20240103 13:43:33.861"/>
</kw>
<status status="PASS" starttime="20240103 13:43:33.832" endtime="20240103 13:43:33.861"/>
</kw>
<kw name="And Input ${text} Into Field1" library="automation-double-click" sourcename="Input ${text} Into Field1">
<kw name="Input Text" library="SeleniumLibrary">
<arg>${path_txt_field1}</arg>
<arg>${text}</arg>
<doc>Types the given ``text`` into the text field identified by ``locator``.</doc>
<msg timestamp="20240103 13:43:33.861" level="INFO">Typing text 'World' into text field 'xpath://*[@id="field1"]'.</msg>
<status status="PASS" starttime="20240103 13:43:33.861" endtime="20240103 13:43:33.916"/>
</kw>
<status status="PASS" starttime="20240103 13:43:33.861" endtime="20240103 13:43:33.917"/>
</kw>
<kw name="And Double Click on Copy Text Button" library="automation-double-click">
<kw name="Double Click Element" library="SeleniumLibrary">
<arg>${btn_copy_text}</arg>
<doc>Double clicks the element identified by ``locator``.</doc>
<msg timestamp="20240103 13:43:33.917" level="INFO">Double clicking element 'xpath://*[@id="HTML10"]/div[1]/button'.</msg>
<status status="PASS" starttime="20240103 13:43:33.917" endtime="20240103 13:43:34.199"/>
</kw>
<status status="PASS" starttime="20240103 13:43:33.917" endtime="20240103 13:43:34.199"/>
</kw>
<kw name="Then Verify text text from Field1 copied into Field2." library="automation-double-click">
<kw name="Get Text" library="SeleniumLibrary">
<var>${expected_text}</var>
<arg>${path_txt_field1}</arg>
<doc>Returns the text value of the element identified by ``locator``.</doc>
<msg timestamp="20240103 13:43:34.211" level="INFO">${expected_text} = </msg>
<status status="PASS" starttime="20240103 13:43:34.200" endtime="20240103 13:43:34.211"/>
</kw>
<kw name="Get Text" library="SeleniumLibrary">
<var>${actual_text}</var>
<arg>${path_txt_field2}</arg>
<doc>Returns the text value of the element identified by ``locator``.</doc>
<msg timestamp="20240103 13:43:34.224" level="INFO">${actual_text} = </msg>
<status status="PASS" starttime="20240103 13:43:34.212" endtime="20240103 13:43:34.224"/>
</kw>
<kw name="Should Be Equal" library="BuiltIn">
<arg>${expected_text}</arg>
<arg>${actual_text}</arg>
<doc>Fails if the given objects are unequal.</doc>
<status status="PASS" starttime="20240103 13:43:34.224" endtime="20240103 13:43:34.225"/>
</kw>
<status status="PASS" starttime="20240103 13:43:34.200" endtime="20240103 13:43:34.225"/>
</kw>
<status status="PASS" starttime="20240103 13:43:33.819" endtime="20240103 13:43:34.225"/>
</test>
<test id="s1-t7" name="Verify Drag And Drop / Slider Action" line="97">
<kw name="Given Verify that the page is successfully visible." library="automation-testing-practice">
<kw name="Element Should Be Visible" library="SeleniumLibrary">
<arg>${path_txt_title}</arg>
<doc>Verifies that the element identified by ``locator`` is visible.</doc>
<msg timestamp="20240103 13:43:34.239" level="INFO">Element 'xpath://*[@id="header-inner"]/div[1]/h1' is displayed.</msg>
<status status="PASS" starttime="20240103 13:43:34.227" endtime="20240103 13:43:34.240"/>
</kw>
<status status="PASS" starttime="20240103 13:43:34.227" endtime="20240103 13:43:34.240"/>
</kw>
<kw name="When Drag And Drop Box" library="automation-drag-and-drop">
<kw name="Drag And Drop" library="SeleniumLibrary">
<arg>${path_drag_box}</arg>
<arg>${path_drop_box}</arg>
<doc>Drags the element identified by ``locator`` into the ``target`` element.</doc>
<status status="PASS" starttime="20240103 13:43:34.240" endtime="20240103 13:43:34.805"/>
</kw>
<status status="PASS" starttime="20240103 13:43:34.240" endtime="20240103 13:43:34.805"/>
</kw>
<kw name="Then Verify Action Drag And Drop is successfull" library="automation-drag-and-drop">
<kw name="Element Should Contain" library="SeleniumLibrary">
<arg>${path_drop_box}</arg>
<arg>Dropped!</arg>
<doc>Verifies that element ``locator`` contains text ``expected``.</doc>
<msg timestamp="20240103 13:43:34.817" level="INFO">Element 'xpath://*[@id="droppable"]' contains text 'Dropped!'.</msg>
<status status="PASS" starttime="20240103 13:43:34.805" endtime="20240103 13:43:34.817"/>
</kw>
<status status="PASS" starttime="20240103 13:43:34.805" endtime="20240103 13:43:34.818"/>
</kw>
<kw name="When Drag Slider in X axis ${side} px" library="automation-drag-and-drop" sourcename="Drag Slider in X axis ${side} px">
<kw name="Drag And Drop By Offset" library="SeleniumLibrary">
<arg>${path_slider}</arg>
<arg>${side}</arg>
<arg>0</arg>
<doc>Drags the element identified with ``locator`` by ``xoffset/yoffset``.</doc>
<status status="PASS" starttime="20240103 13:43:34.818" endtime="20240103 13:43:35.360"/>
</kw>
<kw name="Sleep" library="BuiltIn">
<arg>5s</arg>
<doc>Pauses the test executed for the given time.</doc>
<msg timestamp="20240103 13:43:40.360" level="INFO">Slept 5 seconds</msg>
<status status="PASS" starttime="20240103 13:43:35.360" endtime="20240103 13:43:40.360"/>
</kw>
<status status="PASS" starttime="20240103 13:43:34.818" endtime="20240103 13:43:40.360"/>
</kw>
<kw name="Then Verify Slider in X axis ${side} px" library="automation-drag-and-drop" sourcename="Verify Slider in X axis ${side} px">
<kw name="Get Horizontal Position" library="SeleniumLibrary">
<var>${slider_position}</var>
<arg>${path_slider}</arg>
<doc>Returns the horizontal position of the element identified by ``locator``.</doc>
<msg timestamp="20240103 13:43:40.373" level="INFO">${slider_position} = 664</msg>
<status status="PASS" starttime="20240103 13:43:40.361" endtime="20240103 13:43:40.373"/>
</kw>
<kw name="Should Be True" library="BuiltIn">
<arg>${slider_position} &gt; 614</arg>
<doc>Fails if the given condition is not true.</doc>
<status status="PASS" starttime="20240103 13:43:40.373" endtime="20240103 13:43:40.373"/>
</kw>
<status status="PASS" starttime="20240103 13:43:40.361" endtime="20240103 13:43:40.374"/>
</kw>
<status status="PASS" starttime="20240103 13:43:34.225" endtime="20240103 13:43:40.374"/>
</test>
<test id="s1-t8" name="Verify Frame is working properly." line="104">
<kw name="Given Verify that the page is successfully visible." library="automation-testing-practice">
<kw name="Element Should Be Visible" library="SeleniumLibrary">
<arg>${path_txt_title}</arg>
<doc>Verifies that the element identified by ``locator`` is visible.</doc>
<msg timestamp="20240103 13:43:40.388" level="INFO">Element 'xpath://*[@id="header-inner"]/div[1]/h1' is displayed.</msg>
<status status="PASS" starttime="20240103 13:43:40.376" endtime="20240103 13:43:40.388"/>
</kw>
<status status="PASS" starttime="20240103 13:43:40.376" endtime="20240103 13:43:40.388"/>
</kw>
<kw name="When Enter name in frame with ${user_data}[name]" library="automation-frame" sourcename="Enter name in frame with ${name}">
<kw name="Select Frame" library="SeleniumLibrary">
<arg>frame-one796456169</arg>
<doc>Sets frame identified by ``locator`` as the current frame.</doc>
<msg timestamp="20240103 13:43:40.388" level="INFO">Selecting frame 'frame-one796456169'.</msg>
<status status="PASS" starttime="20240103 13:43:40.388" endtime="20240103 13:43:40.409"/>
</kw>
<kw name="Input Text" library="SeleniumLibrary">
<arg>${default_frame_path}[name]</arg>
<arg>${name}</arg>
<doc>Types the given ``text`` into the text field identified by ``locator``.</doc>
<msg timestamp="20240103 13:43:40.410" level="INFO">Typing text 'thanachai' into text field 'xpath://*[@id="RESULT_TextField-0"]'.</msg>
<status status="PASS" starttime="20240103 13:43:40.409" endtime="20240103 13:43:40.469"/>
</kw>
<status status="PASS" starttime="20240103 13:43:40.388" endtime="20240103 13:43:40.469"/>
</kw>
<kw name="And Enter date in frame with ${date}" library="automation-frame" sourcename="Enter date in frame with ${date}">
<kw name="Input Text" library="SeleniumLibrary">
<arg>${default_frame_path}[date]</arg>
<arg>${date}</arg>
<doc>Types the given ``text`` into the text field identified by ``locator``.</doc>
<msg timestamp="20240103 13:43:40.470" level="INFO">Typing text '01/01/2001' into text field 'xpath://*[@id="RESULT_TextField-2"]'.</msg>
<status status="PASS" starttime="20240103 13:43:40.470" endtime="20240103 13:43:40.534"/>
</kw>
<status status="PASS" starttime="20240103 13:43:40.469" endtime="20240103 13:43:40.534"/>
</kw>
<kw name="And Select country in frame with ${user_data}[job]" library="automation-frame" sourcename="Select country in frame with ${job}">
<kw name="Select From List By Value" library="SeleniumLibrary">
<arg>${default_frame_path}[job]</arg>
<arg>${job}</arg>
<doc>Selects options from selection list ``locator`` by ``values``.</doc>
<msg timestamp="20240103 13:43:40.536" level="INFO">Selecting options from selection list 'xpath://*[@id="RESULT_RadioButton-3"]' by value Radio-0.</msg>
<status status="PASS" starttime="20240103 13:43:40.536" endtime="20240103 13:43:40.593"/>
</kw>
<status status="PASS" starttime="20240103 13:43:40.536" endtime="20240103 13:43:40.593"/>
</kw>
<kw name="And Click Submit Button In Frame" library="automation-frame">
<kw name="Click Element" library="SeleniumLibrary">
<arg>${default_frame_path}[submit_btn]</arg>
<doc>Click the element identified by ``locator``.</doc>
<msg timestamp="20240103 13:43:40.594" level="INFO">Clicking element 'xpath://*[@id="FSsubmit"]'.</msg>
<status status="PASS" starttime="20240103 13:43:40.594" endtime="20240103 13:43:41.261"/>
</kw>
<status status="PASS" starttime="20240103 13:43:40.593" endtime="20240103 13:43:41.261"/>
</kw>
<kw name="Then Verify Text An error has occurred should be visible" library="automation-frame">
<kw name="Element Should Be Visible" library="SeleniumLibrary">
<arg>${path_frame}</arg>
<doc>Verifies that the element identified by ``locator`` is visible.</doc>
<msg timestamp="20240103 13:43:41.276" level="INFO">Element 'xpath:/html/body/div/div[3]' is displayed.</msg>
<status status="PASS" starttime="20240103 13:43:41.262" endtime="20240103 13:43:41.277"/>
</kw>
<status status="PASS" starttime="20240103 13:43:41.261" endtime="20240103 13:43:41.277"/>
</kw>
<status status="PASS" starttime="20240103 13:43:40.375" endtime="20240103 13:43:41.277"/>
</test>
<test id="s1-t9" name="Verify Resize element is working properly." line="112">
<kw name="Given Unselect Frame" library="SeleniumLibrary">
<doc>Sets the main frame as the current frame.</doc>
<status status="PASS" starttime="20240103 13:43:41.278" endtime="20240103 13:43:41.280"/>
</kw>
<kw name="When Resize Element in x axis with: ${x_axis} and y axis with: ${y_axis}" library="automation-drag-and-drop" sourcename="Resize Element in x axis with: ${x_axis} and y axis with: ${y_axis}">
<kw name="Get Element Size" library="SeleniumLibrary">
<var>${size_x1}</var>
<var>${size_y1}</var>
<arg>${resizeable_box}</arg>
<doc>Returns width and height of the element identified by ``locator``.</doc>
<msg timestamp="20240103 13:43:41.301" level="INFO">${size_x1} = 150</msg>
<msg timestamp="20240103 13:43:41.301" level="INFO">${size_y1} = 150</msg>
<status status="PASS" starttime="20240103 13:43:41.280" endtime="20240103 13:43:41.301"/>
</kw>
<kw name="Set Global Variable" library="BuiltIn">
<arg>${size_x1}</arg>
<doc>Makes a variable available globally in all tests and suites.</doc>
<msg timestamp="20240103 13:43:41.301" level="INFO">${size_x1} = 150</msg>
<status status="PASS" starttime="20240103 13:43:41.301" endtime="20240103 13:43:41.301"/>
</kw>
<kw name="Set Global Variable" library="BuiltIn">
<arg>${size_y1}</arg>
<doc>Makes a variable available globally in all tests and suites.</doc>
<msg timestamp="20240103 13:43:41.301" level="INFO">${size_y1} = 150</msg>
<status status="PASS" starttime="20240103 13:43:41.301" endtime="20240103 13:43:41.301"/>
</kw>
<kw name="Set Global Variable" library="BuiltIn">
<arg>${x_axis}</arg>
<doc>Makes a variable available globally in all tests and suites.</doc>
<msg timestamp="20240103 13:43:41.301" level="INFO">${x_axis} = 100</msg>
<status status="PASS" starttime="20240103 13:43:41.301" endtime="20240103 13:43:41.301"/>
</kw>
<kw name="Set Global Variable" library="BuiltIn">
<arg>${y_axis}</arg>
<doc>Makes a variable available globally in all tests and suites.</doc>
<msg timestamp="20240103 13:43:41.301" level="INFO">${y_axis} = 100</msg>
<status status="PASS" starttime="20240103 13:43:41.301" endtime="20240103 13:43:41.301"/>
</kw>
<kw name="Drag And Drop By Offset" library="SeleniumLibrary">
<arg>${path_resize}</arg>
<arg>${x_axis}</arg>
<arg>${y_axis}</arg>
<doc>Drags the element identified with ``locator`` by ``xoffset/yoffset``.</doc>
<status status="PASS" starttime="20240103 13:43:41.301" endtime="20240103 13:43:41.845"/>
</kw>
<status status="PASS" starttime="20240103 13:43:41.280" endtime="20240103 13:43:41.846"/>
</kw>
<kw name="Then Verify Element is resized" library="automation-drag-and-drop">
<kw name="Get Element Size" library="SeleniumLibrary">
<var>${size_x2}</var>
<var>${size_y2}</var>
<arg>${resizeable_box}</arg>
<doc>Returns width and height of the element identified by ``locator``.</doc>
<msg timestamp="20240103 13:43:41.861" level="INFO">${size_x2} = 232</msg>
<msg timestamp="20240103 13:43:41.861" level="INFO">${size_y2} = 232</msg>
<status status="PASS" starttime="20240103 13:43:41.847" endtime="20240103 13:43:41.861"/>
</kw>
<if>
<branch type="IF" condition="${x_axis} == 0">
<kw name="Should Be Equal As Integers" library="BuiltIn">
<arg>${size_x1}</arg>
<arg>${size_x2}</arg>
<doc>Fails if objects are unequal after converting them to integers.</doc>
<status status="NOT RUN" starttime="20240103 13:43:41.861" endtime="20240103 13:43:41.861"/>
</kw>
<status status="NOT RUN" starttime="20240103 13:43:41.861" endtime="20240103 13:43:41.861"/>
</branch>
<branch type="ELSE">
<kw name="Evaluate" library="BuiltIn">
<var>${result_x}</var>
<arg>${size_x1} + ${x_axis} - 18</arg>
<doc>Evaluates the given expression in Python and returns the result.</doc>
<msg timestamp="20240103 13:43:41.863" level="INFO">${result_x} = 232</msg>
<status status="PASS" starttime="20240103 13:43:41.861" endtime="20240103 13:43:41.863"/>
</kw>
<kw name="Should Be Equal As Integers" library="BuiltIn">
<arg>${result_x}</arg>
<arg>${size_x2}</arg>
<doc>Fails if objects are unequal after converting them to integers.</doc>
<status status="PASS" starttime="20240103 13:43:41.863" endtime="20240103 13:43:41.863"/>
</kw>
<status status="PASS" starttime="20240103 13:43:41.861" endtime="20240103 13:43:41.863"/>
</branch>
<status status="PASS" starttime="20240103 13:43:41.861" endtime="20240103 13:43:41.863"/>
</if>
<if>
<branch type="IF" condition="${y_axis} == 0">
<kw name="Should Be Equal As Integers" library="BuiltIn">
<arg>${size_y1}</arg>
<arg>${size_y2}</arg>
<doc>Fails if objects are unequal after converting them to integers.</doc>
<status status="NOT RUN" starttime="20240103 13:43:41.863" endtime="20240103 13:43:41.863"/>
</kw>
<status status="NOT RUN" starttime="20240103 13:43:41.863" endtime="20240103 13:43:41.863"/>
</branch>
<branch type="ELSE">
<kw name="Evaluate" library="BuiltIn">
<var>${result_y}</var>
<arg>${size_y1} + ${y_axis} - 18</arg>
<doc>Evaluates the given expression in Python and returns the result.</doc>
<msg timestamp="20240103 13:43:41.864" level="INFO">${result_y} = 232</msg>
<status status="PASS" starttime="20240103 13:43:41.864" endtime="20240103 13:43:41.864"/>
</kw>
<kw name="Should Be Equal As Integers" library="BuiltIn">
<arg>${result_y}</arg>
<arg>${size_y2}</arg>
<doc>Fails if objects are unequal after converting them to integers.</doc>
<status status="PASS" starttime="20240103 13:43:41.864" endtime="20240103 13:43:41.864"/>
</kw>
<status status="PASS" starttime="20240103 13:43:41.863" endtime="20240103 13:43:41.864"/>
</branch>
<status status="PASS" starttime="20240103 13:43:41.863" endtime="20240103 13:43:41.864"/>
</if>
<status status="PASS" starttime="20240103 13:43:41.846" endtime="20240103 13:43:41.864"/>
</kw>
<status status="PASS" starttime="20240103 13:43:41.278" endtime="20240103 13:43:41.864"/>
</test>
<kw name="Close Browser" library="SeleniumLibrary" type="TEARDOWN">
<doc>Closes the current browser.</doc>
<status status="PASS" starttime="20240103 13:43:41.865" endtime="20240103 13:43:43.937"/>
</kw>
<status status="PASS" starttime="20240103 13:43:07.030" endtime="20240103 13:43:43.937"/>
</suite>
<statistics>
<total>
<stat pass="9" fail="0" skip="0">All Tests</stat>
</total>
<tag>
</tag>
<suite>
<stat pass="9" fail="0" skip="0" id="s1" name="Automation-Testing-Practice">Automation-Testing-Practice</stat>
</suite>
</statistics>
<errors>
</errors>
</robot>
