<?xml version="1.0" encoding="UTF-8"?>
<robot generator="Robot 6.1.1 (Python 3.11.3 on win32)" generated="20231220 17:19:24.096" rpa="false" schemaversion="4">
<suite id="s1" name="Test-Case-1-Register-User" source="D:\Robot_framework\Testsuites\Automation-ex\Test-Case-1-Register-User.robot">
<kw name="Open Browser" library="SeleniumLibrary" type="SETUP">
<arg>url=http://automationexercise.com</arg>
<arg>browser=chrome</arg>
<arg>options=add_argument("--headless")</arg>
<doc>Opens a new browser instance to the optional ``url``.</doc>
<msg timestamp="20231220 17:19:24.486" level="INFO">Opening browser 'chrome' to base url 'http://automationexercise.com'.</msg>
<status status="PASS" starttime="20231220 17:19:24.486" endtime="20231220 17:19:32.557"/>
</kw>
<test id="s1-t1" name="Register User" line="14">
<kw name="Verify that home page is visible successfully" library="home-page">
<kw name="Title Should Be" library="SeleniumLibrary">
<arg>${page_title}</arg>
<doc>Verifies that the current page title equals ``title``.</doc>
<msg timestamp="20231220 17:19:32.562" level="INFO">Page title is 'Automation Exercise'.</msg>
<status status="PASS" starttime="20231220 17:19:32.558" endtime="20231220 17:19:32.562"/>
</kw>
<kw name="Element Should Be Visible" library="SeleniumLibrary">
<arg>${img_automation_exercise}</arg>
<doc>Verifies that the element identified by ``locator`` is visible.</doc>
<msg timestamp="20231220 17:19:32.589" level="INFO">Element 'xpath://*[@id="header"]/div/div/div/div[1]/div/a/img' is displayed.</msg>
<status status="PASS" starttime="20231220 17:19:32.564" endtime="20231220 17:19:32.589"/>
</kw>
<status status="PASS" starttime="20231220 17:19:32.557" endtime="20231220 17:19:32.589"/>
</kw>
<kw name="Click on 'Signup / Login' button" library="home-page">
<kw name="Wait Until Element Is Visible" library="SeleniumLibrary">
<arg>${btn_signup_login}</arg>
<arg>timeout=${default_timeout}</arg>
<doc>Waits until the element ``locator`` is visible.</doc>
<status status="PASS" starttime="20231220 17:19:32.591" endtime="20231220 17:19:32.615"/>
</kw>
<kw name="Click Element" library="SeleniumLibrary">
<arg>${btn_signup_login}</arg>
<doc>Click the element identified by ``locator``.</doc>
<msg timestamp="20231220 17:19:32.618" level="INFO">Clicking element 'xpath://*[@id="header"]/div/div/div/div[2]/div/ul/li[4]/a'.</msg>
<status status="PASS" starttime="20231220 17:19:32.617" endtime="20231220 17:19:33.188"/>
</kw>
<status status="PASS" starttime="20231220 17:19:32.591" endtime="20231220 17:19:33.188"/>
</kw>
<kw name="Verify 'New User Signup!' is visible" library="signup-login-page">
<kw name="Wait Until Element Is Visible" library="SeleniumLibrary">
<arg>${txt_New_User_Signup!}</arg>
<arg>timeout=${default_timeout}</arg>
<doc>Waits until the element ``locator`` is visible.</doc>
<status status="PASS" starttime="20231220 17:19:33.188" endtime="20231220 17:19:33.209"/>
</kw>
<kw name="Element Text Should Be" library="SeleniumLibrary">
<arg>${txt_New_User_Signup!}</arg>
<arg>New User Signup!</arg>
<doc>Verifies that element ``locator`` contains exact the text ``expected``.</doc>
<msg timestamp="20231220 17:19:33.210" level="INFO">Verifying element 'xpath://*[@id="form"]/div/div/div[3]/div/h2' contains exact text 'New User Signup!'.</msg>
<status status="PASS" starttime="20231220 17:19:33.209" endtime="20231220 17:19:33.232"/>
</kw>
<status status="PASS" starttime="20231220 17:19:33.188" endtime="20231220 17:19:33.232"/>
</kw>
<kw name="Enter name" library="signup-login-page">
<kw name="Input Text" library="SeleniumLibrary">
<arg>${txt_field_name_signup_login}</arg>
<arg>${user_name_signup_login}</arg>
<doc>Types the given ``text`` into the text field identified by ``locator``.</doc>
<msg timestamp="20231220 17:19:33.233" level="INFO">Typing text 'thanachai' into text field 'xpath://*[@id="form"]/div/div/div[3]/div/form/input[2]'.</msg>
<status status="PASS" starttime="20231220 17:19:33.232" endtime="20231220 17:19:33.342"/>
</kw>
<status status="PASS" starttime="20231220 17:19:33.232" endtime="20231220 17:19:33.342"/>
</kw>
<kw name="Enter email" library="signup-login-page">
<kw name="Input Text" library="SeleniumLibrary">
<arg>${txt_field_email_signup_login}</arg>
<arg>${user_email_signup_login}</arg>
<doc>Types the given ``text`` into the text field identified by ``locator``.</doc>
<msg timestamp="20231220 17:19:33.343" level="INFO">Typing text 'tang@gmail.comtangkung' into text field 'xpath://*[@id="form"]/div/div/div[3]/div/form/input[3]'.</msg>
<status status="PASS" starttime="20231220 17:19:33.342" endtime="20231220 17:19:33.523"/>
</kw>
<status status="PASS" starttime="20231220 17:19:33.342" endtime="20231220 17:19:33.523"/>
</kw>
<kw name="Click 'Signup' button" library="signup-login-page">
<kw name="Wait Until Element Is Visible" library="SeleniumLibrary">
<arg>${btn_signup}</arg>
<arg>timeout=${default_timeout}</arg>
<doc>Waits until the element ``locator`` is visible.</doc>
<status status="PASS" starttime="20231220 17:19:33.523" endtime="20231220 17:19:33.543"/>
</kw>
<kw name="Click Element" library="SeleniumLibrary">
<arg>${btn_signup}</arg>
<doc>Click the element identified by ``locator``.</doc>
<msg timestamp="20231220 17:19:33.545" level="INFO">Clicking element 'xpath://*[@id="form"]/div/div/div[3]/div/form/button'.</msg>
<status status="PASS" starttime="20231220 17:19:33.543" endtime="20231220 17:19:34.139"/>
</kw>
<status status="PASS" starttime="20231220 17:19:33.523" endtime="20231220 17:19:34.140"/>
</kw>
<kw name="Verify 'ENTER ACCOUNT INFORMATION' is visible" library="sign-up-page">
<kw name="Wait Until Element Is Visible" library="SeleniumLibrary">
<arg>${title_sign_up_page}</arg>
<arg>timeout=${default_timeout}</arg>
<doc>Waits until the element ``locator`` is visible.</doc>
<status status="PASS" starttime="20231220 17:19:34.140" endtime="20231220 17:19:34.161"/>
</kw>
<kw name="Element Text Should Be" library="SeleniumLibrary">
<arg>${title_sign_up_page}</arg>
<arg>ENTER ACCOUNT INFORMATION</arg>
<doc>Verifies that element ``locator`` contains exact the text ``expected``.</doc>
<msg timestamp="20231220 17:19:34.162" level="INFO">Verifying element 'xpath://*[@id="form"]/div/div/div/div/h2/b' contains exact text 'ENTER ACCOUNT INFORMATION'.</msg>
<status status="PASS" starttime="20231220 17:19:34.161" endtime="20231220 17:19:34.177"/>
</kw>
<status status="PASS" starttime="20231220 17:19:34.140" endtime="20231220 17:19:34.177"/>
</kw>
<kw name="Fill details: Title, Name, Email, Password, Date of birth" library="sign-up-page">
<kw name="Click Element" library="SeleniumLibrary">
<arg>${radio_btn_title}</arg>
<doc>Click the element identified by ``locator``.</doc>
<msg timestamp="20231220 17:19:34.179" level="INFO">Clicking element 'xpath://*[@id="id_gender1"]'.</msg>
<status status="PASS" starttime="20231220 17:19:34.178" endtime="20231220 17:19:34.293"/>
</kw>
<kw name="Clear Element Text" library="SeleniumLibrary">
<arg>${sign_up_page_user_data_path}[username]</arg>
<doc>Clears the value of the text-input-element identified by ``locator``.</doc>
<status status="PASS" starttime="20231220 17:19:34.293" endtime="20231220 17:19:34.345"/>
</kw>
<kw name="Input Text" library="SeleniumLibrary">
<arg>${sign_up_page_user_data_path}[username]</arg>
<arg>${sign_up_page_user_data}[username]</arg>
<doc>Types the given ``text`` into the text field identified by ``locator``.</doc>
<msg timestamp="20231220 17:19:34.345" level="INFO">Typing text 'thanachai' into text field 'xpath://*[@id="name"]'.</msg>
<status status="PASS" starttime="20231220 17:19:34.345" endtime="20231220 17:19:34.413"/>
</kw>
<kw name="Input Text" library="SeleniumLibrary">
<arg>${sign_up_page_user_data_path}[password]</arg>
<arg>${sign_up_page_user_data}[password]</arg>
<doc>Types the given ``text`` into the text field identified by ``locator``.</doc>
<msg timestamp="20231220 17:19:34.414" level="INFO">Typing text 'password' into text field 'xpath://*[@id="password"]'.</msg>
<status status="PASS" starttime="20231220 17:19:34.414" endtime="20231220 17:19:34.494"/>
</kw>
<kw name="Select From List By Value" library="SeleniumLibrary">
<arg>${sign_up_page_user_data_path}[drop_down_date]</arg>
<arg>${sign_up_page_user_data}[date]</arg>
<doc>Selects options from selection list ``locator`` by ``values``.</doc>
<msg timestamp="20231220 17:19:34.494" level="INFO">Selecting options from selection list 'xpath://*[@id="days"]' by value 1.</msg>
<status status="PASS" starttime="20231220 17:19:34.494" endtime="20231220 17:19:34.569"/>
</kw>
<kw name="Select From List By Value" library="SeleniumLibrary">
<arg>${sign_up_page_user_data_path}[drop_down_month]</arg>
<arg>${sign_up_page_user_data}[month]</arg>
<doc>Selects options from selection list ``locator`` by ``values``.</doc>
<msg timestamp="20231220 17:19:34.570" level="INFO">Selecting options from selection list ' xpath://*[@id="months"]' by value 1.</msg>
<status status="PASS" starttime="20231220 17:19:34.569" endtime="20231220 17:19:34.631"/>
</kw>
<kw name="Select From List By Value" library="SeleniumLibrary">
<arg>${sign_up_page_user_data_path}[drop_down_year]</arg>
<arg>${sign_up_page_user_data}[year]</arg>
<doc>Selects options from selection list ``locator`` by ``values``.</doc>
<msg timestamp="20231220 17:19:34.633" level="INFO">Selecting options from selection list 'xpath://*[@id="years"]' by value 2001.</msg>
<status status="PASS" starttime="20231220 17:19:34.631" endtime="20231220 17:19:34.697"/>
</kw>
<status status="PASS" starttime="20231220 17:19:34.178" endtime="20231220 17:19:34.697"/>
</kw>
<kw name="Select checkbox 'Sign up for our newsletter!" library="sign-up-page">
<kw name="Click Element" library="SeleniumLibrary">
<arg>${check_box_Sign_up_for_our_newsletter!}</arg>
<doc>Click the element identified by ``locator``.</doc>
<msg timestamp="20231220 17:19:34.698" level="INFO">Clicking element 'xpath://*[@id="newsletter"]'.</msg>
<status status="PASS" starttime="20231220 17:19:34.697" endtime="20231220 17:19:34.741"/>
</kw>
<status status="PASS" starttime="20231220 17:19:34.697" endtime="20231220 17:19:34.741"/>
</kw>
<kw name="Select checkbox 'Receive special offers from our partners!" library="sign-up-page">
<kw name="Click Element" library="SeleniumLibrary">
<arg>${check_box_Receive_special_offers_from_our_partners!}</arg>
<doc>Click the element identified by ``locator``.</doc>
<msg timestamp="20231220 17:19:34.742" level="INFO">Clicking element 'xpath://*[@id="optin"]'.</msg>
<status status="PASS" starttime="20231220 17:19:34.741" endtime="20231220 17:19:34.786"/>
</kw>
<status status="PASS" starttime="20231220 17:19:34.741" endtime="20231220 17:19:34.786"/>
</kw>
<kw name="Fill details: First name, Last name, Company, Address, Address2, Country, State, City, Zipcode, Mobile Number" library="sign-up-page">
<kw name="Input Text" library="SeleniumLibrary">
<arg>${sign_up_page_user_data_path}[first_name]</arg>
<arg>${sign_up_page_user_data}[first_name]</arg>
<doc>Types the given ``text`` into the text field identified by ``locator``.</doc>
<msg timestamp="20231220 17:19:34.787" level="INFO">Typing text 'firstname' into text field 'xpath://*[@id="first_name"]'.</msg>
<status status="PASS" starttime="20231220 17:19:34.786" endtime="20231220 17:19:34.864"/>
</kw>
<kw name="Input Text" library="SeleniumLibrary">
<arg>${sign_up_page_user_data_path}[last_name]</arg>
<arg>${sign_up_page_user_data}[last_name]</arg>
<doc>Types the given ``text`` into the text field identified by ``locator``.</doc>
<msg timestamp="20231220 17:19:34.865" level="INFO">Typing text 'lastname' into text field 'xpath://*[@id="last_name"]'.</msg>
<status status="PASS" starttime="20231220 17:19:34.864" endtime="20231220 17:19:34.943"/>
</kw>
<kw name="Input Text" library="SeleniumLibrary">
<arg>${sign_up_page_user_data_path}[company]</arg>
<arg>${sign_up_page_user_data}[company]</arg>
<doc>Types the given ``text`` into the text field identified by ``locator``.</doc>
<msg timestamp="20231220 17:19:34.944" level="INFO">Typing text 'company' into text field 'xpath://*[@id="company"]'.</msg>
<status status="PASS" starttime="20231220 17:19:34.943" endtime="20231220 17:19:35.021"/>
</kw>
<kw name="Input Text" library="SeleniumLibrary">
<arg>${sign_up_page_user_data_path}[address1]</arg>
<arg>${sign_up_page_user_data}[address1]</arg>
<doc>Types the given ``text`` into the text field identified by ``locator``.</doc>
<msg timestamp="20231220 17:19:35.022" level="INFO">Typing text 'address' into text field 'xpath://*[@id="address1"]'.</msg>
<status status="PASS" starttime="20231220 17:19:35.021" endtime="20231220 17:19:35.102"/>
</kw>
<kw name="Input Text" library="SeleniumLibrary">
<arg>${sign_up_page_user_data_path}[address2]</arg>
<arg>${sign_up_page_user_data}[address2]</arg>
<doc>Types the given ``text`` into the text field identified by ``locator``.</doc>
<msg timestamp="20231220 17:19:35.103" level="INFO">Typing text 'address2' into text field 'xpath://*[@id="address2"]'.</msg>
<status status="PASS" starttime="20231220 17:19:35.102" endtime="20231220 17:19:35.180"/>
</kw>
<kw name="Input Text" library="SeleniumLibrary">
<arg>${sign_up_page_user_data_path}[state]</arg>
<arg>${sign_up_page_user_data}[state]</arg>
<doc>Types the given ``text`` into the text field identified by ``locator``.</doc>
<msg timestamp="20231220 17:19:35.180" level="INFO">Typing text 'state' into text field 'xpath://*[@id="state"]'.</msg>
<status status="PASS" starttime="20231220 17:19:35.180" endtime="20231220 17:19:35.264"/>
</kw>
<kw name="Input Text" library="SeleniumLibrary">
<arg>${sign_up_page_user_data_path}[city]</arg>
<arg>${sign_up_page_user_data}[city]</arg>
<doc>Types the given ``text`` into the text field identified by ``locator``.</doc>
<msg timestamp="20231220 17:19:35.265" level="INFO">Typing text 'city' into text field 'xpath://*[@id="city"]'.</msg>
<status status="PASS" starttime="20231220 17:19:35.265" endtime="20231220 17:19:35.358"/>
</kw>
<kw name="Input Text" library="SeleniumLibrary">
<arg>${sign_up_page_user_data_path}[zibcode]</arg>
<arg>${sign_up_page_user_data}[zipcode]</arg>
<doc>Types the given ``text`` into the text field identified by ``locator``.</doc>
<msg timestamp="20231220 17:19:35.359" level="INFO">Typing text '10000' into text field 'xpath://*[@id="zipcode"]'.</msg>
<status status="PASS" starttime="20231220 17:19:35.358" endtime="20231220 17:19:35.452"/>
</kw>
<kw name="Input Text" library="SeleniumLibrary">
<arg>${sign_up_page_user_data_path}[mobile_number]</arg>
<arg>${sign_up_page_user_data}[mobile_number]</arg>
<doc>Types the given ``text`` into the text field identified by ``locator``.</doc>
<msg timestamp="20231220 17:19:35.454" level="INFO">Typing text '0829269788' into text field 'xpath://*[@id="mobile_number"]'.</msg>
<status status="PASS" starttime="20231220 17:19:35.454" endtime="20231220 17:19:35.550"/>
</kw>
<kw name="Select From List By Value" library="SeleniumLibrary">
<arg>${sign_up_page_user_data_path}[drop_down_country]</arg>
<arg>${sign_up_page_user_data}[country]</arg>
<doc>Selects options from selection list ``locator`` by ``values``.</doc>
<msg timestamp="20231220 17:19:35.550" level="INFO">Selecting options from selection list 'xpath://*[@id="country"]' by value Canada.</msg>
<status status="PASS" starttime="20231220 17:19:35.550" endtime="20231220 17:19:35.614"/>
</kw>
<status status="PASS" starttime="20231220 17:19:34.786" endtime="20231220 17:19:35.614"/>
</kw>
<kw name="Click 'Create Account button" library="sign-up-page">
<kw name="Click Element" library="SeleniumLibrary">
<arg>${btn_create_account}</arg>
<doc>Click the element identified by ``locator``.</doc>
<msg timestamp="20231220 17:19:35.616" level="INFO">Clicking element 'xpath://*[@id="form"]/div/div/div/div/form/button'.</msg>
<status status="PASS" starttime="20231220 17:19:35.614" endtime="20231220 17:19:36.501"/>
</kw>
<status status="PASS" starttime="20231220 17:19:35.614" endtime="20231220 17:19:36.501"/>
</kw>
<kw name="Verify that 'Logged in as username' is visible" library="sign-up-page">
<kw name="Wait Until Page Contains" library="SeleniumLibrary">
<arg>${sign_up_page_user_data}[username]</arg>
<arg>${default_timeout}</arg>
<doc>Waits until ``text`` appears on the current page.</doc>
<msg timestamp="20231220 17:19:41.715" level="INFO" html="true">&lt;/td&gt;&lt;/tr&gt;&lt;tr&gt;&lt;td colspan="3"&gt;&lt;a href="selenium-screenshot-33.png"&gt;&lt;img src="selenium-screenshot-33.png" width="800px"&gt;&lt;/a&gt;</msg>
<msg timestamp="20231220 17:19:41.715" level="FAIL">Text 'thanachai' did not appear in 5 seconds.</msg>
<status status="FAIL" starttime="20231220 17:19:36.501" endtime="20231220 17:19:41.716"/>
</kw>
<status status="FAIL" starttime="20231220 17:19:36.501" endtime="20231220 17:19:41.716"/>
</kw>
<status status="FAIL" starttime="20231220 17:19:32.557" endtime="20231220 17:19:41.717">Text 'thanachai' did not appear in 5 seconds.</status>
</test>
<kw name="Close Browser" library="SeleniumLibrary" type="TEARDOWN">
<doc>Closes the current browser.</doc>
<status status="PASS" starttime="20231220 17:19:41.718" endtime="20231220 17:19:43.778"/>
</kw>
<status status="FAIL" starttime="20231220 17:19:24.099" endtime="20231220 17:19:43.778"/>
</suite>
<statistics>
<total>
<stat pass="0" fail="1" skip="0">All Tests</stat>
</total>
<tag>
</tag>
<suite>
<stat pass="0" fail="1" skip="0" id="s1" name="Test-Case-1-Register-User">Test-Case-1-Register-User</stat>
</suite>
</statistics>
<errors>
</errors>
</robot>
