<?xml version="1.0" encoding="UTF-8"?>
<robot generator="Robot 6.1.1 (Python 3.11.3 on win32)" generated="20231221 11:20:23.186" rpa="false" schemaversion="4">
<suite id="s1" name="Test-Case-1-Register-User" source="D:\Robot_framework\Testsuites\Automation-ex\Test-Case-1-Register-User.robot">
<kw name="Open Browser" library="SeleniumLibrary" type="SETUP">
<arg>url=http://automationexercise.com</arg>
<arg>browser=chrome</arg>
<arg>options=add_argument("--headless")</arg>
<doc>Opens a new browser instance to the optional ``url``.</doc>
<msg timestamp="20231221 11:20:23.509" level="INFO">Opening browser 'chrome' to base url 'http://automationexercise.com'.</msg>
<status status="PASS" starttime="20231221 11:20:23.509" endtime="20231221 11:20:29.697"/>
</kw>
<test id="s1-t1" name="Register User" line="15">
<kw name="When Verify that home page is visible successfully" library="home-page">
<kw name="Title Should Be" library="SeleniumLibrary">
<arg>${page_title}</arg>
<doc>Verifies that the current page title equals ``title``.</doc>
<msg timestamp="20231221 11:20:29.702" level="INFO">Page title is 'Automation Exercise'.</msg>
<status status="PASS" starttime="20231221 11:20:29.698" endtime="20231221 11:20:29.703"/>
</kw>
<kw name="Element Should Be Visible" library="SeleniumLibrary">
<arg>${img_automation_exercise}</arg>
<doc>Verifies that the element identified by ``locator`` is visible.</doc>
<msg timestamp="20231221 11:20:29.776" level="INFO">Element 'xpath://*[@id="header"]/div/div/div/div[1]/div/a/img' is displayed.</msg>
<status status="PASS" starttime="20231221 11:20:29.703" endtime="20231221 11:20:29.776"/>
</kw>
<status status="PASS" starttime="20231221 11:20:29.698" endtime="20231221 11:20:29.776"/>
</kw>
<kw name="And Click on 'Signup / Login' button" library="home-page">
<kw name="Wait Until Element Is Visible" library="SeleniumLibrary">
<arg>${btn_signup_login}</arg>
<arg>timeout=${default_timeout}</arg>
<doc>Waits until the element ``locator`` is visible.</doc>
<status status="PASS" starttime="20231221 11:20:29.776" endtime="20231221 11:20:29.794"/>
</kw>
<kw name="Click Element" library="SeleniumLibrary">
<arg>${btn_signup_login}</arg>
<doc>Click the element identified by ``locator``.</doc>
<msg timestamp="20231221 11:20:29.795" level="INFO">Clicking element 'xpath://*[@id="header"]/div/div/div/div[2]/div/ul/li[4]/a'.</msg>
<status status="PASS" starttime="20231221 11:20:29.794" endtime="20231221 11:20:30.850"/>
</kw>
<status status="PASS" starttime="20231221 11:20:29.776" endtime="20231221 11:20:30.850"/>
</kw>
<kw name="And Verify 'New User Signup!' is visible" library="signup-login-page">
<kw name="Wait Until Element Is Visible" library="SeleniumLibrary">
<arg>${txt_New_User_Signup!}</arg>
<arg>timeout=${default_timeout}</arg>
<doc>Waits until the element ``locator`` is visible.</doc>
<status status="PASS" starttime="20231221 11:20:30.851" endtime="20231221 11:20:30.867"/>
</kw>
<kw name="Element Text Should Be" library="SeleniumLibrary">
<arg>${txt_New_User_Signup!}</arg>
<arg>New User Signup!</arg>
<doc>Verifies that element ``locator`` contains exact the text ``expected``.</doc>
<msg timestamp="20231221 11:20:30.868" level="INFO">Verifying element 'xpath://*[@id="form"]/div/div/div[3]/div/h2' contains exact text 'New User Signup!'.</msg>
<status status="PASS" starttime="20231221 11:20:30.868" endtime="20231221 11:20:30.883"/>
</kw>
<status status="PASS" starttime="20231221 11:20:30.851" endtime="20231221 11:20:30.883"/>
</kw>
<kw name="And Enter name with ${user_data}[username]" library="signup-login-page" sourcename="Enter name with ${name}">
<kw name="Input Text" library="SeleniumLibrary">
<arg>${txt_field_name_signup}</arg>
<arg>${name}</arg>
<doc>Types the given ``text`` into the text field identified by ``locator``.</doc>
<msg timestamp="20231221 11:20:30.884" level="INFO">Typing text 'thanachai' into text field 'xpath://*[@id="form"]/div/div/div[3]/div/form/input[2]'.</msg>
<status status="PASS" starttime="20231221 11:20:30.884" endtime="20231221 11:20:31.021"/>
</kw>
<status status="PASS" starttime="20231221 11:20:30.884" endtime="20231221 11:20:31.022"/>
</kw>
<kw name="And Enter email with ${user_data}[email]" library="signup-login-page" sourcename="Enter email with ${email}">
<kw name="Input Text" library="SeleniumLibrary">
<arg>${txt_field_email_signup}</arg>
<arg>${email}</arg>
<doc>Types the given ``text`` into the text field identified by ``locator``.</doc>
<msg timestamp="20231221 11:20:31.022" level="INFO">Typing text 'tang@gmail.comtangkung' into text field 'xpath://*[@id="form"]/div/div/div[3]/div/form/input[3]'.</msg>
<status status="PASS" starttime="20231221 11:20:31.022" endtime="20231221 11:20:31.085"/>
</kw>
<status status="PASS" starttime="20231221 11:20:31.022" endtime="20231221 11:20:31.085"/>
</kw>
<kw name="And Click 'Signup' button" library="signup-login-page">
<kw name="Wait Until Element Is Visible" library="SeleniumLibrary">
<arg>${btn_signup}</arg>
<arg>timeout=${default_timeout}</arg>
<doc>Waits until the element ``locator`` is visible.</doc>
<status status="PASS" starttime="20231221 11:20:31.086" endtime="20231221 11:20:31.102"/>
</kw>
<kw name="Click Element" library="SeleniumLibrary">
<arg>${btn_signup}</arg>
<doc>Click the element identified by ``locator``.</doc>
<msg timestamp="20231221 11:20:31.102" level="INFO">Clicking element 'xpath://*[@id="form"]/div/div/div[3]/div/form/button'.</msg>
<status status="PASS" starttime="20231221 11:20:31.102" endtime="20231221 11:20:31.598"/>
</kw>
<status status="PASS" starttime="20231221 11:20:31.085" endtime="20231221 11:20:31.598"/>
</kw>
<kw name="Then Verify 'ENTER ACCOUNT INFORMATION' is visible" library="sign-up-page">
<kw name="Wait Until Element Is Visible" library="SeleniumLibrary">
<arg>${title_sign_up_page}</arg>
<arg>timeout=${default_timeout}</arg>
<doc>Waits until the element ``locator`` is visible.</doc>
<status status="PASS" starttime="20231221 11:20:31.599" endtime="20231221 11:20:31.639"/>
</kw>
<kw name="Element Text Should Be" library="SeleniumLibrary">
<arg>${title_sign_up_page}</arg>
<arg>ENTER ACCOUNT INFORMATION</arg>
<doc>Verifies that element ``locator`` contains exact the text ``expected``.</doc>
<msg timestamp="20231221 11:20:31.640" level="INFO">Verifying element 'xpath://*[@id="form"]/div/div/div/div/h2/b' contains exact text 'ENTER ACCOUNT INFORMATION'.</msg>
<status status="PASS" starttime="20231221 11:20:31.640" endtime="20231221 11:20:31.671"/>
</kw>
<status status="PASS" starttime="20231221 11:20:31.598" endtime="20231221 11:20:31.671"/>
</kw>
<kw name="When Fill details data with: ${user_data}[title], ${user_data}[name], ${user_data}[password], ${user_data}[date], ${user_data}[month], ${user_data}[year]" library="sign-up-page" sourcename="Fill details data with: ${title}, ${name}, ${password}, ${date}, ${month}, ${year}">
<kw name="Click Element" library="SeleniumLibrary">
<arg>${title}</arg>
<doc>Click the element identified by ``locator``.</doc>
<msg timestamp="20231221 11:20:31.672" level="INFO">Clicking element 'xpath://*[@id="id_gender1"]'.</msg>
<status status="PASS" starttime="20231221 11:20:31.672" endtime="20231221 11:20:31.750"/>
</kw>
<kw name="Clear Element Text" library="SeleniumLibrary">
<arg>${sign_up_page_user_data_path}[username]</arg>
<doc>Clears the value of the text-input-element identified by ``locator``.</doc>
<status status="PASS" starttime="20231221 11:20:31.750" endtime="20231221 11:20:31.780"/>
</kw>
<kw name="Input Text" library="SeleniumLibrary">
<arg>${sign_up_page_user_data_path}[username]</arg>
<arg>${name}</arg>
<doc>Types the given ``text`` into the text field identified by ``locator``.</doc>
<msg timestamp="20231221 11:20:31.781" level="INFO">Typing text 'thanachai' into text field 'xpath://*[@id="name"]'.</msg>
<status status="PASS" starttime="20231221 11:20:31.781" endtime="20231221 11:20:31.837"/>
</kw>
<kw name="Input Text" library="SeleniumLibrary">
<arg>${sign_up_page_user_data_path}[password]</arg>
<arg>${password}</arg>
<doc>Types the given ``text`` into the text field identified by ``locator``.</doc>
<msg timestamp="20231221 11:20:31.837" level="INFO">Typing text 'password' into text field 'xpath://*[@id="password"]'.</msg>
<status status="PASS" starttime="20231221 11:20:31.837" endtime="20231221 11:20:31.909"/>
</kw>
<kw name="Select From List By Value" library="SeleniumLibrary">
<arg>${sign_up_page_user_data_path}[drop_down_date]</arg>
<arg>${date}</arg>
<doc>Selects options from selection list ``locator`` by ``values``.</doc>
<msg timestamp="20231221 11:20:31.909" level="INFO">Selecting options from selection list 'xpath://*[@id="days"]' by value 1.</msg>
<status status="PASS" starttime="20231221 11:20:31.909" endtime="20231221 11:20:31.970"/>
</kw>
<kw name="Select From List By Value" library="SeleniumLibrary">
<arg>${sign_up_page_user_data_path}[drop_down_month]</arg>
<arg>${month}</arg>
<doc>Selects options from selection list ``locator`` by ``values``.</doc>
<msg timestamp="20231221 11:20:31.971" level="INFO">Selecting options from selection list ' xpath://*[@id="months"]' by value 1.</msg>
<status status="PASS" starttime="20231221 11:20:31.970" endtime="20231221 11:20:32.031"/>
</kw>
<kw name="Select From List By Value" library="SeleniumLibrary">
<arg>${sign_up_page_user_data_path}[drop_down_year]</arg>
<arg>${year}</arg>
<doc>Selects options from selection list ``locator`` by ``values``.</doc>
<msg timestamp="20231221 11:20:32.032" level="INFO">Selecting options from selection list 'xpath://*[@id="years"]' by value 2001.</msg>
<status status="PASS" starttime="20231221 11:20:32.032" endtime="20231221 11:20:32.089"/>
</kw>
<status status="PASS" starttime="20231221 11:20:31.671" endtime="20231221 11:20:32.089"/>
</kw>
<kw name="And Select checkbox 'Sign up for our newsletter!" library="sign-up-page">
<kw name="Click Element" library="SeleniumLibrary">
<arg>${check_box_Sign_up_for_our_newsletter!}</arg>
<doc>Click the element identified by ``locator``.</doc>
<msg timestamp="20231221 11:20:32.090" level="INFO">Clicking element 'xpath://*[@id="newsletter"]'.</msg>
<status status="PASS" starttime="20231221 11:20:32.090" endtime="20231221 11:20:32.132"/>
</kw>
<status status="PASS" starttime="20231221 11:20:32.089" endtime="20231221 11:20:32.132"/>
</kw>
<kw name="And Select checkbox 'Receive special offers from our partners!" library="sign-up-page">
<kw name="Click Element" library="SeleniumLibrary">
<arg>${check_box_Receive_special_offers_from_our_partners!}</arg>
<doc>Click the element identified by ``locator``.</doc>
<msg timestamp="20231221 11:20:32.133" level="INFO">Clicking element 'xpath://*[@id="optin"]'.</msg>
<status status="PASS" starttime="20231221 11:20:32.132" endtime="20231221 11:20:32.170"/>
</kw>
<status status="PASS" starttime="20231221 11:20:32.132" endtime="20231221 11:20:32.170"/>
</kw>
<kw name="And Fill details address with: ${user_data}[first_name], ${user_data}[last_name], ${user_data}[company], ${user_data}[address1], ${user_data}[address2], ${user_data}[country], ${user_data}[state], ${user_data}[city], ${user_data}[zipcode], ${user_data}[mobile_number]" library="sign-up-page" sourcename="Fill details address with: ${first_name}, ${last_name}, ${company}, ${address1}, ${address2}, ${country}, ${state}, ${city}, ${zipcode}, ${mobile_number}">
<kw name="Input Text" library="SeleniumLibrary">
<arg>${sign_up_page_user_data_path}[first_name]</arg>
<arg>${first_name}</arg>
<doc>Types the given ``text`` into the text field identified by ``locator``.</doc>
<msg timestamp="20231221 11:20:32.171" level="INFO">Typing text 'firstname' into text field 'xpath://*[@id="first_name"]'.</msg>
<status status="PASS" starttime="20231221 11:20:32.171" endtime="20231221 11:20:32.237"/>
</kw>
<kw name="Input Text" library="SeleniumLibrary">
<arg>${sign_up_page_user_data_path}[last_name]</arg>
<arg>${last_name}</arg>
<doc>Types the given ``text`` into the text field identified by ``locator``.</doc>
<msg timestamp="20231221 11:20:32.238" level="INFO">Typing text 'lastname' into text field 'xpath://*[@id="last_name"]'.</msg>
<status status="PASS" starttime="20231221 11:20:32.237" endtime="20231221 11:20:32.302"/>
</kw>
<kw name="Input Text" library="SeleniumLibrary">
<arg>${sign_up_page_user_data_path}[company]</arg>
<arg>${company}</arg>
<doc>Types the given ``text`` into the text field identified by ``locator``.</doc>
<msg timestamp="20231221 11:20:32.302" level="INFO">Typing text 'company' into text field 'xpath://*[@id="company"]'.</msg>
<status status="PASS" starttime="20231221 11:20:32.302" endtime="20231221 11:20:32.365"/>
</kw>
<kw name="Input Text" library="SeleniumLibrary">
<arg>${sign_up_page_user_data_path}[address1]</arg>
<arg>${address1}</arg>
<doc>Types the given ``text`` into the text field identified by ``locator``.</doc>
<msg timestamp="20231221 11:20:32.366" level="INFO">Typing text 'address' into text field 'xpath://*[@id="address1"]'.</msg>
<status status="PASS" starttime="20231221 11:20:32.365" endtime="20231221 11:20:32.446"/>
</kw>
<kw name="Input Text" library="SeleniumLibrary">
<arg>${sign_up_page_user_data_path}[address2]</arg>
<arg>${address2}</arg>
<doc>Types the given ``text`` into the text field identified by ``locator``.</doc>
<msg timestamp="20231221 11:20:32.446" level="INFO">Typing text 'address2' into text field 'xpath://*[@id="address2"]'.</msg>
<status status="PASS" starttime="20231221 11:20:32.446" endtime="20231221 11:20:32.508"/>
</kw>
<kw name="Input Text" library="SeleniumLibrary">
<arg>${sign_up_page_user_data_path}[state]</arg>
<arg>${state}</arg>
<doc>Types the given ``text`` into the text field identified by ``locator``.</doc>
<msg timestamp="20231221 11:20:32.510" level="INFO">Typing text 'state' into text field 'xpath://*[@id="state"]'.</msg>
<status status="PASS" starttime="20231221 11:20:32.508" endtime="20231221 11:20:32.571"/>
</kw>
<kw name="Input Text" library="SeleniumLibrary">
<arg>${sign_up_page_user_data_path}[city]</arg>
<arg>${city}</arg>
<doc>Types the given ``text`` into the text field identified by ``locator``.</doc>
<msg timestamp="20231221 11:20:32.571" level="INFO">Typing text 'city' into text field 'xpath://*[@id="city"]'.</msg>
<status status="PASS" starttime="20231221 11:20:32.571" endtime="20231221 11:20:32.632"/>
</kw>
<kw name="Input Text" library="SeleniumLibrary">
<arg>${sign_up_page_user_data_path}[zibcode]</arg>
<arg>${zipcode}</arg>
<doc>Types the given ``text`` into the text field identified by ``locator``.</doc>
<msg timestamp="20231221 11:20:32.633" level="INFO">Typing text '10000' into text field 'xpath://*[@id="zipcode"]'.</msg>
<status status="PASS" starttime="20231221 11:20:32.632" endtime="20231221 11:20:32.695"/>
</kw>
<kw name="Input Text" library="SeleniumLibrary">
<arg>${sign_up_page_user_data_path}[mobile_number]</arg>
<arg>${mobile_number}</arg>
<doc>Types the given ``text`` into the text field identified by ``locator``.</doc>
<msg timestamp="20231221 11:20:32.696" level="INFO">Typing text '0829269788' into text field 'xpath://*[@id="mobile_number"]'.</msg>
<status status="PASS" starttime="20231221 11:20:32.695" endtime="20231221 11:20:32.760"/>
</kw>
<kw name="Select From List By Value" library="SeleniumLibrary">
<arg>${sign_up_page_user_data_path}[drop_down_country]</arg>
<arg>${country}</arg>
<doc>Selects options from selection list ``locator`` by ``values``.</doc>
<msg timestamp="20231221 11:20:32.761" level="INFO">Selecting options from selection list 'xpath://*[@id="country"]' by value Canada.</msg>
<status status="PASS" starttime="20231221 11:20:32.760" endtime="20231221 11:20:32.813"/>
</kw>
<status status="PASS" starttime="20231221 11:20:32.171" endtime="20231221 11:20:32.813"/>
</kw>
<kw name="And Click 'Create Account button" library="sign-up-page">
<kw name="Click Element" library="SeleniumLibrary">
<arg>${btn_create_account}</arg>
<doc>Click the element identified by ``locator``.</doc>
<msg timestamp="20231221 11:20:32.813" level="INFO">Clicking element 'xpath://*[@id="form"]/div/div/div/div/form/button'.</msg>
<status status="PASS" starttime="20231221 11:20:32.813" endtime="20231221 11:20:33.562"/>
</kw>
<status status="PASS" starttime="20231221 11:20:32.813" endtime="20231221 11:20:33.562"/>
</kw>
<kw name="And Click 'Continue' button" library="sign-up-page">
<kw name="Click Element" library="SeleniumLibrary">
<arg>${btn_conntinue}</arg>
<doc>Click the element identified by ``locator``.</doc>
<msg timestamp="20231221 11:20:33.564" level="INFO">Clicking element 'xpath://*[@id="form"]/div/div/div/div/a'.</msg>
<status status="PASS" starttime="20231221 11:20:33.563" endtime="20231221 11:20:35.861"/>
</kw>
<status status="PASS" starttime="20231221 11:20:33.562" endtime="20231221 11:20:35.861"/>
</kw>
<kw name="Then Verify that 'Logged in as ${user_data}[username]' is visible" library="sign-up-page" sourcename="Verify that 'Logged in as ${username}' is visible">
<kw name="Element Text Should Be" library="SeleniumLibrary">
<arg>${txt_login_as_username}</arg>
<arg>Logged in as ${username}</arg>
<doc>Verifies that element ``locator`` contains exact the text ``expected``.</doc>
<msg timestamp="20231221 11:20:35.863" level="INFO">Verifying element 'xpath://*[@id="header"]/div/div/div/div[2]/div/ul/li[10]' contains exact text 'Logged in as thanachai'.</msg>
<status status="PASS" starttime="20231221 11:20:35.862" endtime="20231221 11:20:35.879"/>
</kw>
<status status="PASS" starttime="20231221 11:20:35.862" endtime="20231221 11:20:35.879"/>
</kw>
<kw name="When Click 'Delete Account' button" library="home-page">
<kw name="Wait Until Element Is Visible" library="SeleniumLibrary">
<arg>${btn_delete_account}</arg>
<arg>timeout=${default_timeout}</arg>
<doc>Waits until the element ``locator`` is visible.</doc>
<status status="PASS" starttime="20231221 11:20:35.879" endtime="20231221 11:20:35.895"/>
</kw>
<kw name="Click Element" library="SeleniumLibrary">
<arg>${btn_delete_account}</arg>
<doc>Click the element identified by ``locator``.</doc>
<msg timestamp="20231221 11:20:35.897" level="INFO">Clicking element 'xpath://*[@id="header"]/div/div/div/div[2]/div/ul/li[5]/a'.</msg>
<status status="PASS" starttime="20231221 11:20:35.897" endtime="20231221 11:20:36.349"/>
</kw>
<status status="PASS" starttime="20231221 11:20:35.879" endtime="20231221 11:20:36.349"/>
</kw>
<kw name="Then Verify that 'ACCOUNT DELETED!' is visible" library="home-page">
<kw name="Page Should Contain" library="SeleniumLibrary">
<arg>Account Deleted!</arg>
<doc>Verifies that current page contains ``text``.</doc>
<msg timestamp="20231221 11:20:36.360" level="INFO">Current page contains text 'Account Deleted!'.</msg>
<status status="PASS" starttime="20231221 11:20:36.349" endtime="20231221 11:20:36.360"/>
</kw>
<status status="PASS" starttime="20231221 11:20:36.349" endtime="20231221 11:20:36.360"/>
</kw>
<status status="PASS" starttime="20231221 11:20:29.698" endtime="20231221 11:20:36.360"/>
</test>
<kw name="Close Browser" library="SeleniumLibrary" type="TEARDOWN">
<doc>Closes the current browser.</doc>
<status status="PASS" starttime="20231221 11:20:36.362" endtime="20231221 11:20:38.415"/>
</kw>
<status status="PASS" starttime="20231221 11:20:23.188" endtime="20231221 11:20:38.415"/>
</suite>
<statistics>
<total>
<stat pass="1" fail="0" skip="0">All Tests</stat>
</total>
<tag>
</tag>
<suite>
<stat pass="1" fail="0" skip="0" id="s1" name="Test-Case-1-Register-User">Test-Case-1-Register-User</stat>
</suite>
</statistics>
<errors>
</errors>
</robot>
