<?xml version="1.0" encoding="UTF-8"?>
<robot generator="Robot 6.1.1 (Python 3.11.3 on win32)" generated="20231220 17:25:37.951" rpa="false" schemaversion="4">
<suite id="s1" name="Test-Case-1-Register-User" source="D:\Robot_framework\Testsuites\Automation-ex\Test-Case-1-Register-User.robot">
<kw name="Open Browser" library="SeleniumLibrary" type="SETUP">
<arg>url=http://automationexercise.com</arg>
<arg>browser=chrome</arg>
<arg>options=add_argument("--headless")</arg>
<doc>Opens a new browser instance to the optional ``url``.</doc>
<msg timestamp="20231220 17:25:38.375" level="INFO">Opening browser 'chrome' to base url 'http://automationexercise.com'.</msg>
<status status="PASS" starttime="20231220 17:25:38.375" endtime="20231220 17:25:44.151"/>
</kw>
<test id="s1-t1" name="Register User" line="14">
<kw name="Verify that home page is visible successfully" library="home-page">
<kw name="Title Should Be" library="SeleniumLibrary">
<arg>${page_title}</arg>
<doc>Verifies that the current page title equals ``title``.</doc>
<msg timestamp="20231220 17:25:44.160" level="INFO">Page title is 'Automation Exercise'.</msg>
<status status="PASS" starttime="20231220 17:25:44.152" endtime="20231220 17:25:44.160"/>
</kw>
<kw name="Element Should Be Visible" library="SeleniumLibrary">
<arg>${img_automation_exercise}</arg>
<doc>Verifies that the element identified by ``locator`` is visible.</doc>
<msg timestamp="20231220 17:25:44.196" level="INFO">Element 'xpath://*[@id="header"]/div/div/div/div[1]/div/a/img' is displayed.</msg>
<status status="PASS" starttime="20231220 17:25:44.160" endtime="20231220 17:25:44.196"/>
</kw>
<status status="PASS" starttime="20231220 17:25:44.152" endtime="20231220 17:25:44.196"/>
</kw>
<kw name="Click on 'Signup / Login' button" library="home-page">
<kw name="Wait Until Element Is Visible" library="SeleniumLibrary">
<arg>${btn_signup_login}</arg>
<arg>timeout=${default_timeout}</arg>
<doc>Waits until the element ``locator`` is visible.</doc>
<status status="PASS" starttime="20231220 17:25:44.198" endtime="20231220 17:25:44.228"/>
</kw>
<kw name="Click Element" library="SeleniumLibrary">
<arg>${btn_signup_login}</arg>
<doc>Click the element identified by ``locator``.</doc>
<msg timestamp="20231220 17:25:44.229" level="INFO">Clicking element 'xpath://*[@id="header"]/div/div/div/div[2]/div/ul/li[4]/a'.</msg>
<status status="PASS" starttime="20231220 17:25:44.228" endtime="20231220 17:25:45.434"/>
</kw>
<status status="PASS" starttime="20231220 17:25:44.196" endtime="20231220 17:25:45.434"/>
</kw>
<kw name="Verify 'New User Signup!' is visible" library="signup-login-page">
<kw name="Wait Until Element Is Visible" library="SeleniumLibrary">
<arg>${txt_New_User_Signup!}</arg>
<arg>timeout=${default_timeout}</arg>
<doc>Waits until the element ``locator`` is visible.</doc>
<status status="PASS" starttime="20231220 17:25:45.435" endtime="20231220 17:25:45.457"/>
</kw>
<kw name="Element Text Should Be" library="SeleniumLibrary">
<arg>${txt_New_User_Signup!}</arg>
<arg>New User Signup!</arg>
<doc>Verifies that element ``locator`` contains exact the text ``expected``.</doc>
<msg timestamp="20231220 17:25:45.459" level="INFO">Verifying element 'xpath://*[@id="form"]/div/div/div[3]/div/h2' contains exact text 'New User Signup!'.</msg>
<status status="PASS" starttime="20231220 17:25:45.457" endtime="20231220 17:25:45.479"/>
</kw>
<status status="PASS" starttime="20231220 17:25:45.435" endtime="20231220 17:25:45.479"/>
</kw>
<kw name="Enter name" library="signup-login-page">
<kw name="Input Text" library="SeleniumLibrary">
<arg>${txt_field_name_signup_login}</arg>
<arg>${user_name_signup_login}</arg>
<doc>Types the given ``text`` into the text field identified by ``locator``.</doc>
<msg timestamp="20231220 17:25:45.480" level="INFO">Typing text 'thanachai' into text field 'xpath://*[@id="form"]/div/div/div[3]/div/form/input[2]'.</msg>
<status status="PASS" starttime="20231220 17:25:45.479" endtime="20231220 17:25:45.661"/>
</kw>
<status status="PASS" starttime="20231220 17:25:45.479" endtime="20231220 17:25:45.661"/>
</kw>
<kw name="Enter email" library="signup-login-page">
<kw name="Input Text" library="SeleniumLibrary">
<arg>${txt_field_email_signup_login}</arg>
<arg>${user_email_signup_login}</arg>
<doc>Types the given ``text`` into the text field identified by ``locator``.</doc>
<msg timestamp="20231220 17:25:45.662" level="INFO">Typing text 'tang@gmail.comtangkung' into text field 'xpath://*[@id="form"]/div/div/div[3]/div/form/input[3]'.</msg>
<status status="PASS" starttime="20231220 17:25:45.661" endtime="20231220 17:25:45.751"/>
</kw>
<status status="PASS" starttime="20231220 17:25:45.661" endtime="20231220 17:25:45.751"/>
</kw>
<kw name="Click 'Signup' button" library="signup-login-page">
<kw name="Wait Until Element Is Visible" library="SeleniumLibrary">
<arg>${btn_signup}</arg>
<arg>timeout=${default_timeout}</arg>
<doc>Waits until the element ``locator`` is visible.</doc>
<status status="PASS" starttime="20231220 17:25:45.752" endtime="20231220 17:25:45.774"/>
</kw>
<kw name="Click Element" library="SeleniumLibrary">
<arg>${btn_signup}</arg>
<doc>Click the element identified by ``locator``.</doc>
<msg timestamp="20231220 17:25:45.774" level="INFO">Clicking element 'xpath://*[@id="form"]/div/div/div[3]/div/form/button'.</msg>
<status status="PASS" starttime="20231220 17:25:45.774" endtime="20231220 17:25:46.322"/>
</kw>
<status status="PASS" starttime="20231220 17:25:45.752" endtime="20231220 17:25:46.322"/>
</kw>
<kw name="Verify 'ENTER ACCOUNT INFORMATION' is visible" library="sign-up-page">
<kw name="Wait Until Element Is Visible" library="SeleniumLibrary">
<arg>${title_sign_up_page}</arg>
<arg>timeout=${default_timeout}</arg>
<doc>Waits until the element ``locator`` is visible.</doc>
<status status="PASS" starttime="20231220 17:25:46.322" endtime="20231220 17:25:46.340"/>
</kw>
<kw name="Element Text Should Be" library="SeleniumLibrary">
<arg>${title_sign_up_page}</arg>
<arg>ENTER ACCOUNT INFORMATION</arg>
<doc>Verifies that element ``locator`` contains exact the text ``expected``.</doc>
<msg timestamp="20231220 17:25:46.342" level="INFO">Verifying element 'xpath://*[@id="form"]/div/div/div/div/h2/b' contains exact text 'ENTER ACCOUNT INFORMATION'.</msg>
<status status="PASS" starttime="20231220 17:25:46.340" endtime="20231220 17:25:46.356"/>
</kw>
<status status="PASS" starttime="20231220 17:25:46.322" endtime="20231220 17:25:46.356"/>
</kw>
<kw name="Fill details: Title, Name, Email, Password, Date of birth" library="sign-up-page">
<kw name="Click Element" library="SeleniumLibrary">
<arg>${radio_btn_title}</arg>
<doc>Click the element identified by ``locator``.</doc>
<msg timestamp="20231220 17:25:46.357" level="INFO">Clicking element 'xpath://*[@id="id_gender1"]'.</msg>
<status status="PASS" starttime="20231220 17:25:46.356" endtime="20231220 17:25:46.448"/>
</kw>
<kw name="Clear Element Text" library="SeleniumLibrary">
<arg>${sign_up_page_user_data_path}[username]</arg>
<doc>Clears the value of the text-input-element identified by ``locator``.</doc>
<status status="PASS" starttime="20231220 17:25:46.448" endtime="20231220 17:25:46.515"/>
</kw>
<kw name="Input Text" library="SeleniumLibrary">
<arg>${sign_up_page_user_data_path}[username]</arg>
<arg>${sign_up_page_user_data}[username]</arg>
<doc>Types the given ``text`` into the text field identified by ``locator``.</doc>
<msg timestamp="20231220 17:25:46.515" level="INFO">Typing text 'thanachai' into text field 'xpath://*[@id="name"]'.</msg>
<status status="PASS" starttime="20231220 17:25:46.515" endtime="20231220 17:25:46.594"/>
</kw>
<kw name="Input Text" library="SeleniumLibrary">
<arg>${sign_up_page_user_data_path}[password]</arg>
<arg>${sign_up_page_user_data}[password]</arg>
<doc>Types the given ``text`` into the text field identified by ``locator``.</doc>
<msg timestamp="20231220 17:25:46.596" level="INFO">Typing text 'password' into text field 'xpath://*[@id="password"]'.</msg>
<status status="PASS" starttime="20231220 17:25:46.596" endtime="20231220 17:25:46.687"/>
</kw>
<kw name="Select From List By Value" library="SeleniumLibrary">
<arg>${sign_up_page_user_data_path}[drop_down_date]</arg>
<arg>${sign_up_page_user_data}[date]</arg>
<doc>Selects options from selection list ``locator`` by ``values``.</doc>
<msg timestamp="20231220 17:25:46.687" level="INFO">Selecting options from selection list 'xpath://*[@id="days"]' by value 1.</msg>
<status status="PASS" starttime="20231220 17:25:46.687" endtime="20231220 17:25:46.778"/>
</kw>
<kw name="Select From List By Value" library="SeleniumLibrary">
<arg>${sign_up_page_user_data_path}[drop_down_month]</arg>
<arg>${sign_up_page_user_data}[month]</arg>
<doc>Selects options from selection list ``locator`` by ``values``.</doc>
<msg timestamp="20231220 17:25:46.779" level="INFO">Selecting options from selection list ' xpath://*[@id="months"]' by value 1.</msg>
<status status="PASS" starttime="20231220 17:25:46.779" endtime="20231220 17:25:46.865"/>
</kw>
<kw name="Select From List By Value" library="SeleniumLibrary">
<arg>${sign_up_page_user_data_path}[drop_down_year]</arg>
<arg>${sign_up_page_user_data}[year]</arg>
<doc>Selects options from selection list ``locator`` by ``values``.</doc>
<msg timestamp="20231220 17:25:46.866" level="INFO">Selecting options from selection list 'xpath://*[@id="years"]' by value 2001.</msg>
<status status="PASS" starttime="20231220 17:25:46.865" endtime="20231220 17:25:46.934"/>
</kw>
<status status="PASS" starttime="20231220 17:25:46.356" endtime="20231220 17:25:46.934"/>
</kw>
<kw name="Select checkbox 'Sign up for our newsletter!" library="sign-up-page">
<kw name="Click Element" library="SeleniumLibrary">
<arg>${check_box_Sign_up_for_our_newsletter!}</arg>
<doc>Click the element identified by ``locator``.</doc>
<msg timestamp="20231220 17:25:46.936" level="INFO">Clicking element 'xpath://*[@id="newsletter"]'.</msg>
<status status="PASS" starttime="20231220 17:25:46.936" endtime="20231220 17:25:46.986"/>
</kw>
<status status="PASS" starttime="20231220 17:25:46.934" endtime="20231220 17:25:46.986"/>
</kw>
<kw name="Select checkbox 'Receive special offers from our partners!" library="sign-up-page">
<kw name="Click Element" library="SeleniumLibrary">
<arg>${check_box_Receive_special_offers_from_our_partners!}</arg>
<doc>Click the element identified by ``locator``.</doc>
<msg timestamp="20231220 17:25:46.987" level="INFO">Clicking element 'xpath://*[@id="optin"]'.</msg>
<status status="PASS" starttime="20231220 17:25:46.987" endtime="20231220 17:25:47.037"/>
</kw>
<status status="PASS" starttime="20231220 17:25:46.987" endtime="20231220 17:25:47.037"/>
</kw>
<kw name="Fill details: First name, Last name, Company, Address, Address2, Country, State, City, Zipcode, Mobile Number" library="sign-up-page">
<kw name="Input Text" library="SeleniumLibrary">
<arg>${sign_up_page_user_data_path}[first_name]</arg>
<arg>${sign_up_page_user_data}[first_name]</arg>
<doc>Types the given ``text`` into the text field identified by ``locator``.</doc>
<msg timestamp="20231220 17:25:47.038" level="INFO">Typing text 'firstname' into text field 'xpath://*[@id="first_name"]'.</msg>
<status status="PASS" starttime="20231220 17:25:47.038" endtime="20231220 17:25:47.127"/>
</kw>
<kw name="Input Text" library="SeleniumLibrary">
<arg>${sign_up_page_user_data_path}[last_name]</arg>
<arg>${sign_up_page_user_data}[last_name]</arg>
<doc>Types the given ``text`` into the text field identified by ``locator``.</doc>
<msg timestamp="20231220 17:25:47.127" level="INFO">Typing text 'lastname' into text field 'xpath://*[@id="last_name"]'.</msg>
<status status="PASS" starttime="20231220 17:25:47.127" endtime="20231220 17:25:47.218"/>
</kw>
<kw name="Input Text" library="SeleniumLibrary">
<arg>${sign_up_page_user_data_path}[company]</arg>
<arg>${sign_up_page_user_data}[company]</arg>
<doc>Types the given ``text`` into the text field identified by ``locator``.</doc>
<msg timestamp="20231220 17:25:47.218" level="INFO">Typing text 'company' into text field 'xpath://*[@id="company"]'.</msg>
<status status="PASS" starttime="20231220 17:25:47.218" endtime="20231220 17:25:47.326"/>
</kw>
<kw name="Input Text" library="SeleniumLibrary">
<arg>${sign_up_page_user_data_path}[address1]</arg>
<arg>${sign_up_page_user_data}[address1]</arg>
<doc>Types the given ``text`` into the text field identified by ``locator``.</doc>
<msg timestamp="20231220 17:25:47.327" level="INFO">Typing text 'address' into text field 'xpath://*[@id="address1"]'.</msg>
<status status="PASS" starttime="20231220 17:25:47.326" endtime="20231220 17:25:47.414"/>
</kw>
<kw name="Input Text" library="SeleniumLibrary">
<arg>${sign_up_page_user_data_path}[address2]</arg>
<arg>${sign_up_page_user_data}[address2]</arg>
<doc>Types the given ``text`` into the text field identified by ``locator``.</doc>
<msg timestamp="20231220 17:25:47.415" level="INFO">Typing text 'address2' into text field 'xpath://*[@id="address2"]'.</msg>
<status status="PASS" starttime="20231220 17:25:47.414" endtime="20231220 17:25:47.503"/>
</kw>
<kw name="Input Text" library="SeleniumLibrary">
<arg>${sign_up_page_user_data_path}[state]</arg>
<arg>${sign_up_page_user_data}[state]</arg>
<doc>Types the given ``text`` into the text field identified by ``locator``.</doc>
<msg timestamp="20231220 17:25:47.504" level="INFO">Typing text 'state' into text field 'xpath://*[@id="state"]'.</msg>
<status status="PASS" starttime="20231220 17:25:47.503" endtime="20231220 17:25:47.586"/>
</kw>
<kw name="Input Text" library="SeleniumLibrary">
<arg>${sign_up_page_user_data_path}[city]</arg>
<arg>${sign_up_page_user_data}[city]</arg>
<doc>Types the given ``text`` into the text field identified by ``locator``.</doc>
<msg timestamp="20231220 17:25:47.587" level="INFO">Typing text 'city' into text field 'xpath://*[@id="city"]'.</msg>
<status status="PASS" starttime="20231220 17:25:47.586" endtime="20231220 17:25:47.670"/>
</kw>
<kw name="Input Text" library="SeleniumLibrary">
<arg>${sign_up_page_user_data_path}[zibcode]</arg>
<arg>${sign_up_page_user_data}[zipcode]</arg>
<doc>Types the given ``text`` into the text field identified by ``locator``.</doc>
<msg timestamp="20231220 17:25:47.671" level="INFO">Typing text '10000' into text field 'xpath://*[@id="zipcode"]'.</msg>
<status status="PASS" starttime="20231220 17:25:47.671" endtime="20231220 17:25:47.756"/>
</kw>
<kw name="Input Text" library="SeleniumLibrary">
<arg>${sign_up_page_user_data_path}[mobile_number]</arg>
<arg>${sign_up_page_user_data}[mobile_number]</arg>
<doc>Types the given ``text`` into the text field identified by ``locator``.</doc>
<msg timestamp="20231220 17:25:47.756" level="INFO">Typing text '0829269788' into text field 'xpath://*[@id="mobile_number"]'.</msg>
<status status="PASS" starttime="20231220 17:25:47.756" endtime="20231220 17:25:47.852"/>
</kw>
<kw name="Select From List By Value" library="SeleniumLibrary">
<arg>${sign_up_page_user_data_path}[drop_down_country]</arg>
<arg>${sign_up_page_user_data}[country]</arg>
<doc>Selects options from selection list ``locator`` by ``values``.</doc>
<msg timestamp="20231220 17:25:47.852" level="INFO">Selecting options from selection list 'xpath://*[@id="country"]' by value Canada.</msg>
<status status="PASS" starttime="20231220 17:25:47.852" endtime="20231220 17:25:47.923"/>
</kw>
<status status="PASS" starttime="20231220 17:25:47.037" endtime="20231220 17:25:47.923"/>
</kw>
<kw name="Click 'Create Account button" library="sign-up-page">
<kw name="Click Element" library="SeleniumLibrary">
<arg>${btn_create_account}</arg>
<doc>Click the element identified by ``locator``.</doc>
<msg timestamp="20231220 17:25:47.924" level="INFO">Clicking element 'xpath://*[@id="form"]/div/div/div/div/form/button'.</msg>
<status status="PASS" starttime="20231220 17:25:47.923" endtime="20231220 17:25:48.807"/>
</kw>
<status status="PASS" starttime="20231220 17:25:47.923" endtime="20231220 17:25:48.807"/>
</kw>
<kw name="Click 'Continue' button" library="sign-up-page">
<kw name="Click Element" library="SeleniumLibrary">
<arg>${btn_conntinue}</arg>
<doc>Click the element identified by ``locator``.</doc>
<msg timestamp="20231220 17:25:48.808" level="INFO">Clicking element 'xpath://*[@id="form"]/div/div/div/div/a'.</msg>
<status status="PASS" starttime="20231220 17:25:48.808" endtime="20231220 17:25:54.363"/>
</kw>
<status status="PASS" starttime="20231220 17:25:48.808" endtime="20231220 17:25:54.363"/>
</kw>
<kw name="Verify that 'Logged in as username' is visible" library="sign-up-page">
<kw name="Element Text Should Be" library="SeleniumLibrary">
<arg>xpath://*[@id="header"]/div/div/div/div[2]/div/ul/li[10]</arg>
<arg>Logged in as ${sign_up_page_user_data}[username]</arg>
<doc>Verifies that element ``locator`` contains exact the text ``expected``.</doc>
<msg timestamp="20231220 17:25:54.364" level="INFO">Verifying element 'xpath://*[@id="header"]/div/div/div/div[2]/div/ul/li[10]' contains exact text 'Logged in as thanachai'.</msg>
<status status="PASS" starttime="20231220 17:25:54.363" endtime="20231220 17:25:54.386"/>
</kw>
<status status="PASS" starttime="20231220 17:25:54.363" endtime="20231220 17:25:54.386"/>
</kw>
<status status="PASS" starttime="20231220 17:25:44.151" endtime="20231220 17:25:54.386"/>
</test>
<kw name="Close Browser" library="SeleniumLibrary" type="TEARDOWN">
<doc>Closes the current browser.</doc>
<status status="PASS" starttime="20231220 17:25:54.388" endtime="20231220 17:25:56.463"/>
</kw>
<status status="PASS" starttime="20231220 17:25:37.953" endtime="20231220 17:25:56.463"/>
</suite>
<statistics>
<total>
<stat pass="1" fail="0" skip="0">All Tests</stat>
</total>
<tag>
</tag>
<suite>
<stat pass="1" fail="0" skip="0" id="s1" name="Test-Case-1-Register-User">Test-Case-1-Register-User</stat>
</suite>
</statistics>
<errors>
</errors>
</robot>
